[2026-04-04 10:52:23] bootstrap start
[1/7] Project root: /root/autodl-tmp/projects/six_moe
[2/7] Conda detected. Using current environment.
Looking in indexes: http://mirrors.aliyun.com/pypi/simple
Requirement already satisfied: pip in /root/miniconda3/envs/moe/lib/python3.10/site-packages (26.0.1)
WARNING: Running pip as the 'root' user can result in broken permissions and conflicting behaviour with the system package manager, possibly rendering your system unusable. It is recommended to use a virtual environment instead: https://pip.pypa.io/warnings/venv. Use the --root-user-action option if you know what you are doing and want to suppress this warning.
Looking in indexes: http://mirrors.aliyun.com/pypi/simple
Requirement already satisfied: torch>=2.1 in /root/miniconda3/envs/moe/lib/python3.10/site-packages (from -r requirements.txt (line 1)) (2.11.0)
Requirement already satisfied: torchvision>=0.16 in /root/miniconda3/envs/moe/lib/python3.10/site-packages (from -r requirements.txt (line 2)) (0.26.0)
Requirement already satisfied: PyYAML>=6.0 in /root/miniconda3/envs/moe/lib/python3.10/site-packages (from -r requirements.txt (line 3)) (6.0.3)
Requirement already satisfied: numpy>=1.24 in /root/miniconda3/envs/moe/lib/python3.10/site-packages (from -r requirements.txt (line 4)) (2.2.6)
Requirement already satisfied: pandas>=2.0 in /root/miniconda3/envs/moe/lib/python3.10/site-packages (from -r requirements.txt (line 5)) (2.3.3)
Requirement already satisfied: matplotlib>=3.8 in /root/miniconda3/envs/moe/lib/python3.10/site-packages (from -r requirements.txt (line 6)) (3.10.8)
Requirement already satisfied: tqdm>=4.66 in /root/miniconda3/envs/moe/lib/python3.10/site-packages (from -r requirements.txt (line 7)) (4.67.3)
Requirement already satisfied: filelock in /root/miniconda3/envs/moe/lib/python3.10/site-packages (from torch>=2.1->-r requirements.txt (line 1)) (3.25.2)
Requirement already satisfied: typing-extensions>=4.10.0 in /root/miniconda3/envs/moe/lib/python3.10/site-packages (from torch>=2.1->-r requirements.txt (line 1)) (4.15.0)
Requirement already satisfied: setuptools<82 in /root/miniconda3/envs/moe/lib/python3.10/site-packages (from torch>=2.1->-r requirements.txt (line 1)) (80.10.2)
Requirement already satisfied: sympy>=1.13.3 in /root/miniconda3/envs/moe/lib/python3.10/site-packages (from torch>=2.1->-r requirements.txt (line 1)) (1.14.0)
Requirement already satisfied: networkx>=2.5.1 in /root/miniconda3/envs/moe/lib/python3.10/site-packages (from torch>=2.1->-r requirements.txt (line 1)) (3.4.2)
Requirement already satisfied: jinja2 in /root/miniconda3/envs/moe/lib/python3.10/site-packages (from torch>=2.1->-r requirements.txt (line 1)) (3.1.6)
Requirement already satisfied: fsspec>=0.8.5 in /root/miniconda3/envs/moe/lib/python3.10/site-packages (from torch>=2.1->-r requirements.txt (line 1)) (2026.2.0)
Requirement already satisfied: cuda-toolkit==13.0.2 in /root/miniconda3/envs/moe/lib/python3.10/site-packages (from cuda-toolkit[cublas,cudart,cufft,cufile,cupti,curand,cusolver,cusparse,nvjitlink,nvrtc,nvtx]==13.0.2; platform_system == "Linux"->torch>=2.1->-r requirements.txt (line 1)) (13.0.2)
Requirement already satisfied: cuda-bindings<14,>=13.0.3 in /root/miniconda3/envs/moe/lib/python3.10/site-packages (from torch>=2.1->-r requirements.txt (line 1)) (13.2.0)
Requirement already satisfied: nvidia-cudnn-cu13==9.19.0.56 in /root/miniconda3/envs/moe/lib/python3.10/site-packages (from torch>=2.1->-r requirements.txt (line 1)) (9.19.0.56)
Requirement already satisfied: nvidia-cusparselt-cu13==0.8.0 in /root/miniconda3/envs/moe/lib/python3.10/site-packages (from torch>=2.1->-r requirements.txt (line 1)) (0.8.0)
Requirement already satisfied: nvidia-nccl-cu13==2.28.9 in /root/miniconda3/envs/moe/lib/python3.10/site-packages (from torch>=2.1->-r requirements.txt (line 1)) (2.28.9)
Requirement already satisfied: nvidia-nvshmem-cu13==3.4.5 in /root/miniconda3/envs/moe/lib/python3.10/site-packages (from torch>=2.1->-r requirements.txt (line 1)) (3.4.5)
Requirement already satisfied: triton==3.6.0 in /root/miniconda3/envs/moe/lib/python3.10/site-packages (from torch>=2.1->-r requirements.txt (line 1)) (3.6.0)
Requirement already satisfied: nvidia-cufile==1.15.1.6.* in /root/miniconda3/envs/moe/lib/python3.10/site-packages (from cuda-toolkit[cublas,cudart,cufft,cufile,cupti,curand,cusolver,cusparse,nvjitlink,nvrtc,nvtx]==13.0.2; platform_system == "Linux"->torch>=2.1->-r requirements.txt (line 1)) (1.15.1.6)
Requirement already satisfied: nvidia-cusolver==12.0.4.66.* in /root/miniconda3/envs/moe/lib/python3.10/site-packages (from cuda-toolkit[cublas,cudart,cufft,cufile,cupti,curand,cusolver,cusparse,nvjitlink,nvrtc,nvtx]==13.0.2; platform_system == "Linux"->torch>=2.1->-r requirements.txt (line 1)) (12.0.4.66)
Requirement already satisfied: nvidia-cublas==13.1.0.3.* in /root/miniconda3/envs/moe/lib/python3.10/site-packages (from cuda-toolkit[cublas,cudart,cufft,cufile,cupti,curand,cusolver,cusparse,nvjitlink,nvrtc,nvtx]==13.0.2; platform_system == "Linux"->torch>=2.1->-r requirements.txt (line 1)) (13.1.0.3)
Requirement already satisfied: nvidia-nvtx==13.0.85.* in /root/miniconda3/envs/moe/lib/python3.10/site-packages (from cuda-toolkit[cublas,cudart,cufft,cufile,cupti,curand,cusolver,cusparse,nvjitlink,nvrtc,nvtx]==13.0.2; platform_system == "Linux"->torch>=2.1->-r requirements.txt (line 1)) (13.0.85)
Requirement already satisfied: nvidia-cuda-cupti==13.0.85.* in /root/miniconda3/envs/moe/lib/python3.10/site-packages (from cuda-toolkit[cublas,cudart,cufft,cufile,cupti,curand,cusolver,cusparse,nvjitlink,nvrtc,nvtx]==13.0.2; platform_system == "Linux"->torch>=2.1->-r requirements.txt (line 1)) (13.0.85)
Requirement already satisfied: nvidia-curand==10.4.0.35.* in /root/miniconda3/envs/moe/lib/python3.10/site-packages (from cuda-toolkit[cublas,cudart,cufft,cufile,cupti,curand,cusolver,cusparse,nvjitlink,nvrtc,nvtx]==13.0.2; platform_system == "Linux"->torch>=2.1->-r requirements.txt (line 1)) (10.4.0.35)
Requirement already satisfied: nvidia-cuda-nvrtc==13.0.88.* in /root/miniconda3/envs/moe/lib/python3.10/site-packages (from cuda-toolkit[cublas,cudart,cufft,cufile,cupti,curand,cusolver,cusparse,nvjitlink,nvrtc,nvtx]==13.0.2; platform_system == "Linux"->torch>=2.1->-r requirements.txt (line 1)) (13.0.88)
Requirement already satisfied: nvidia-cusparse==12.6.3.3.* in /root/miniconda3/envs/moe/lib/python3.10/site-packages (from cuda-toolkit[cublas,cudart,cufft,cufile,cupti,curand,cusolver,cusparse,nvjitlink,nvrtc,nvtx]==13.0.2; platform_system == "Linux"->torch>=2.1->-r requirements.txt (line 1)) (12.6.3.3)
Requirement already satisfied: nvidia-cuda-runtime==13.0.96.* in /root/miniconda3/envs/moe/lib/python3.10/site-packages (from cuda-toolkit[cublas,cudart,cufft,cufile,cupti,curand,cusolver,cusparse,nvjitlink,nvrtc,nvtx]==13.0.2; platform_system == "Linux"->torch>=2.1->-r requirements.txt (line 1)) (13.0.96)
Requirement already satisfied: nvidia-nvjitlink==13.0.88.* in /root/miniconda3/envs/moe/lib/python3.10/site-packages (from cuda-toolkit[cublas,cudart,cufft,cufile,cupti,curand,cusolver,cusparse,nvjitlink,nvrtc,nvtx]==13.0.2; platform_system == "Linux"->torch>=2.1->-r requirements.txt (line 1)) (13.0.88)
Requirement already satisfied: nvidia-cufft==12.0.0.61.* in /root/miniconda3/envs/moe/lib/python3.10/site-packages (from cuda-toolkit[cublas,cudart,cufft,cufile,cupti,curand,cusolver,cusparse,nvjitlink,nvrtc,nvtx]==13.0.2; platform_system == "Linux"->torch>=2.1->-r requirements.txt (line 1)) (12.0.0.61)
Requirement already satisfied: cuda-pathfinder~=1.1 in /root/miniconda3/envs/moe/lib/python3.10/site-packages (from cuda-bindings<14,>=13.0.3->torch>=2.1->-r requirements.txt (line 1)) (1.5.0)
Requirement already satisfied: pillow!=8.3.*,>=5.3.0 in /root/miniconda3/envs/moe/lib/python3.10/site-packages (from torchvision>=0.16->-r requirements.txt (line 2)) (12.1.1)
Requirement already satisfied: python-dateutil>=2.8.2 in /root/miniconda3/envs/moe/lib/python3.10/site-packages (from pandas>=2.0->-r requirements.txt (line 5)) (2.9.0.post0)
Requirement already satisfied: pytz>=2020.1 in /root/miniconda3/envs/moe/lib/python3.10/site-packages (from pandas>=2.0->-r requirements.txt (line 5)) (2026.1.post1)
Requirement already satisfied: tzdata>=2022.7 in /root/miniconda3/envs/moe/lib/python3.10/site-packages (from pandas>=2.0->-r requirements.txt (line 5)) (2025.3)
Requirement already satisfied: contourpy>=1.0.1 in /root/miniconda3/envs/moe/lib/python3.10/site-packages (from matplotlib>=3.8->-r requirements.txt (line 6)) (1.3.2)
Requirement already satisfied: cycler>=0.10 in /root/miniconda3/envs/moe/lib/python3.10/site-packages (from matplotlib>=3.8->-r requirements.txt (line 6)) (0.12.1)
Requirement already satisfied: fonttools>=4.22.0 in /root/miniconda3/envs/moe/lib/python3.10/site-packages (from matplotlib>=3.8->-r requirements.txt (line 6)) (4.62.1)
Requirement already satisfied: kiwisolver>=1.3.1 in /root/miniconda3/envs/moe/lib/python3.10/site-packages (from matplotlib>=3.8->-r requirements.txt (line 6)) (1.5.0)
Requirement already satisfied: packaging>=20.0 in /root/miniconda3/envs/moe/lib/python3.10/site-packages (from matplotlib>=3.8->-r requirements.txt (line 6)) (25.0)
Requirement already satisfied: pyparsing>=3 in /root/miniconda3/envs/moe/lib/python3.10/site-packages (from matplotlib>=3.8->-r requirements.txt (line 6)) (3.3.2)
Requirement already satisfied: six>=1.5 in /root/miniconda3/envs/moe/lib/python3.10/site-packages (from python-dateutil>=2.8.2->pandas>=2.0->-r requirements.txt (line 5)) (1.17.0)
Requirement already satisfied: mpmath<1.4,>=1.1.0 in /root/miniconda3/envs/moe/lib/python3.10/site-packages (from sympy>=1.13.3->torch>=2.1->-r requirements.txt (line 1)) (1.3.0)
Requirement already satisfied: MarkupSafe>=2.0 in /root/miniconda3/envs/moe/lib/python3.10/site-packages (from jinja2->torch>=2.1->-r requirements.txt (line 1)) (3.0.3)
WARNING: Running pip as the 'root' user can result in broken permissions and conflicting behaviour with the system package manager, possibly rendering your system unusable. It is recommended to use a virtual environment instead: https://pip.pypa.io/warnings/venv. Use the --root-user-action option if you know what you are doing and want to suppress this warning.
[3/7] Expanding directed task pairs...
saved: configs/pairs/directed_main_pairs.yaml
[4/7] Generating run configs...
generated configs under: configs/generated/main_round
[5/7] Preflight check...
Preflight passed
project_root: /root/autodl-tmp/projects/six_moe
stage: prep
directed_pairs: 12
ref_configs: 84
dynamic_configs: 84
hybrid_configs: 360
[6/7] Running smoke test...
Smoke test passed.
Project root: /root/autodl-tmp/projects/six_moe
Ref configs: 84
Dynamic configs: 84
Hybrid configs: 360
[7/7] Key directory check...
OK configs/generated/main_round
OK results
OK logs
OK checkpoints
Done.
[2026-04-04 10:52:30] [REF] running reference stage
[RUN] ref_aquatic_mammals_E16_K4_s1
[OK] ref_aquatic_mammals_E16_K4_s1
[RUN] ref_aquatic_mammals_E16_K6_s1
[OK] ref_aquatic_mammals_E16_K6_s1
[RUN] ref_aquatic_mammals_E16_K8_s1
[OK] ref_aquatic_mammals_E16_K8_s1
[RUN] ref_aquatic_mammals_E32_K4_s1
[OK] ref_aquatic_mammals_E32_K4_s1
[RUN] ref_aquatic_mammals_E32_K6_s1
[OK] ref_aquatic_mammals_E32_K6_s1
[RUN] ref_aquatic_mammals_E32_K8_s1
[OK] ref_aquatic_mammals_E32_K8_s1
[RUN] ref_aquatic_mammals_E8_K4_s1
[OK] ref_aquatic_mammals_E8_K4_s1
[RUN] ref_fish_E16_K4_s1
[OK] ref_fish_E16_K4_s1
[RUN] ref_fish_E16_K6_s1
[OK] ref_fish_E16_K6_s1
[RUN] ref_fish_E16_K8_s1
[OK] ref_fish_E16_K8_s1
[RUN] ref_fish_E32_K4_s1
[OK] ref_fish_E32_K4_s1
[RUN] ref_fish_E32_K6_s1
[OK] ref_fish_E32_K6_s1
[RUN] ref_fish_E32_K8_s1
[OK] ref_fish_E32_K8_s1
[RUN] ref_fish_E8_K4_s1
[OK] ref_fish_E8_K4_s1
[RUN] ref_flowers_E16_K4_s1
[OK] ref_flowers_E16_K4_s1
[RUN] ref_flowers_E16_K6_s1
[OK] ref_flowers_E16_K6_s1
[RUN] ref_flowers_E16_K8_s1
[OK] ref_flowers_E16_K8_s1
[RUN] ref_flowers_E32_K4_s1
[OK] ref_flowers_E32_K4_s1
[RUN] ref_flowers_E32_K6_s1
[OK] ref_flowers_E32_K6_s1
[RUN] ref_flowers_E32_K8_s1
[OK] ref_flowers_E32_K8_s1
[RUN] ref_flowers_E8_K4_s1
[OK] ref_flowers_E8_K4_s1
[RUN] ref_insects_E16_K4_s1
[OK] ref_insects_E16_K4_s1
[RUN] ref_insects_E16_K6_s1
[OK] ref_insects_E16_K6_s1
[RUN] ref_insects_E16_K8_s1
[OK] ref_insects_E16_K8_s1
[RUN] ref_insects_E32_K4_s1
[OK] ref_insects_E32_K4_s1
[RUN] ref_insects_E32_K6_s1
[OK] ref_insects_E32_K6_s1
[RUN] ref_insects_E32_K8_s1
[OK] ref_insects_E32_K8_s1
[RUN] ref_insects_E8_K4_s1
[OK] ref_insects_E8_K4_s1
[RUN] ref_large_carnivores_E16_K4_s1
[OK] ref_large_carnivores_E16_K4_s1
[RUN] ref_large_carnivores_E16_K6_s1
[OK] ref_large_carnivores_E16_K6_s1
[RUN] ref_large_carnivores_E16_K8_s1
[OK] ref_large_carnivores_E16_K8_s1
[RUN] ref_large_carnivores_E32_K4_s1
[OK] ref_large_carnivores_E32_K4_s1
[RUN] ref_large_carnivores_E32_K6_s1
[OK] ref_large_carnivores_E32_K6_s1
[RUN] ref_large_carnivores_E32_K8_s1
[OK] ref_large_carnivores_E32_K8_s1
[RUN] ref_large_carnivores_E8_K4_s1
[OK] ref_large_carnivores_E8_K4_s1
[RUN] ref_large_omnivores_herbivores_E16_K4_s1
[OK] ref_large_omnivores_herbivores_E16_K4_s1
[RUN] ref_large_omnivores_herbivores_E16_K6_s1
[OK] ref_large_omnivores_herbivores_E16_K6_s1
[RUN] ref_large_omnivores_herbivores_E16_K8_s1
[OK] ref_large_omnivores_herbivores_E16_K8_s1
[RUN] ref_large_omnivores_herbivores_E32_K4_s1
[OK] ref_large_omnivores_herbivores_E32_K4_s1
[RUN] ref_large_omnivores_herbivores_E32_K6_s1
[OK] ref_large_omnivores_herbivores_E32_K6_s1
[RUN] ref_large_omnivores_herbivores_E32_K8_s1
[OK] ref_large_omnivores_herbivores_E32_K8_s1
[RUN] ref_large_omnivores_herbivores_E8_K4_s1
[OK] ref_large_omnivores_herbivores_E8_K4_s1
[RUN] ref_medium_sized_mammals_E16_K4_s1
[OK] ref_medium_sized_mammals_E16_K4_s1
[RUN] ref_medium_sized_mammals_E16_K6_s1
[OK] ref_medium_sized_mammals_E16_K6_s1
[RUN] ref_medium_sized_mammals_E16_K8_s1
[OK] ref_medium_sized_mammals_E16_K8_s1
[RUN] ref_medium_sized_mammals_E32_K4_s1
[OK] ref_medium_sized_mammals_E32_K4_s1
[RUN] ref_medium_sized_mammals_E32_K6_s1
[OK] ref_medium_sized_mammals_E32_K6_s1
[RUN] ref_medium_sized_mammals_E32_K8_s1
[OK] ref_medium_sized_mammals_E32_K8_s1
[RUN] ref_medium_sized_mammals_E8_K4_s1
[OK] ref_medium_sized_mammals_E8_K4_s1
[RUN] ref_non_insect_invertebrates_E16_K4_s1
[OK] ref_non_insect_invertebrates_E16_K4_s1
[RUN] ref_non_insect_invertebrates_E16_K6_s1
[OK] ref_non_insect_invertebrates_E16_K6_s1
[RUN] ref_non_insect_invertebrates_E16_K8_s1
[OK] ref_non_insect_invertebrates_E16_K8_s1
[RUN] ref_non_insect_invertebrates_E32_K4_s1
[OK] ref_non_insect_invertebrates_E32_K4_s1
[RUN] ref_non_insect_invertebrates_E32_K6_s1
[OK] ref_non_insect_invertebrates_E32_K6_s1
[RUN] ref_non_insect_invertebrates_E32_K8_s1
[OK] ref_non_insect_invertebrates_E32_K8_s1
[RUN] ref_non_insect_invertebrates_E8_K4_s1
[OK] ref_non_insect_invertebrates_E8_K4_s1
[RUN] ref_small_mammals_E16_K4_s1
[OK] ref_small_mammals_E16_K4_s1
[RUN] ref_small_mammals_E16_K6_s1
[OK] ref_small_mammals_E16_K6_s1
[RUN] ref_small_mammals_E16_K8_s1
[OK] ref_small_mammals_E16_K8_s1
[RUN] ref_small_mammals_E32_K4_s1
[OK] ref_small_mammals_E32_K4_s1
[RUN] ref_small_mammals_E32_K6_s1
[OK] ref_small_mammals_E32_K6_s1
[RUN] ref_small_mammals_E32_K8_s1
[OK] ref_small_mammals_E32_K8_s1
[RUN] ref_small_mammals_E8_K4_s1
[OK] ref_small_mammals_E8_K4_s1
[RUN] ref_trees_E16_K4_s1
[OK] ref_trees_E16_K4_s1
[RUN] ref_trees_E16_K6_s1
[OK] ref_trees_E16_K6_s1
[RUN] ref_trees_E16_K8_s1
[OK] ref_trees_E16_K8_s1
[RUN] ref_trees_E32_K4_s1
[OK] ref_trees_E32_K4_s1
[RUN] ref_trees_E32_K6_s1
[OK] ref_trees_E32_K6_s1
[RUN] ref_trees_E32_K8_s1
[OK] ref_trees_E32_K8_s1
[RUN] ref_trees_E8_K4_s1
[OK] ref_trees_E8_K4_s1
[RUN] ref_vehicles1_E16_K4_s1
[OK] ref_vehicles1_E16_K4_s1
[RUN] ref_vehicles1_E16_K6_s1
[OK] ref_vehicles1_E16_K6_s1
[RUN] ref_vehicles1_E16_K8_s1
[OK] ref_vehicles1_E16_K8_s1
[RUN] ref_vehicles1_E32_K4_s1
[OK] ref_vehicles1_E32_K4_s1
[RUN] ref_vehicles1_E32_K6_s1
[OK] ref_vehicles1_E32_K6_s1
[RUN] ref_vehicles1_E32_K8_s1
[OK] ref_vehicles1_E32_K8_s1
[RUN] ref_vehicles1_E8_K4_s1
[OK] ref_vehicles1_E8_K4_s1
[RUN] ref_vehicles2_E16_K4_s1
[OK] ref_vehicles2_E16_K4_s1
[RUN] ref_vehicles2_E16_K6_s1
[OK] ref_vehicles2_E16_K6_s1
[RUN] ref_vehicles2_E16_K8_s1
[OK] ref_vehicles2_E16_K8_s1
[RUN] ref_vehicles2_E32_K4_s1
[OK] ref_vehicles2_E32_K4_s1
[RUN] ref_vehicles2_E32_K6_s1
[OK] ref_vehicles2_E32_K6_s1
[RUN] ref_vehicles2_E32_K8_s1
[OK] ref_vehicles2_E32_K8_s1
[RUN] ref_vehicles2_E8_K4_s1
[OK] ref_vehicles2_E8_K4_s1
stage complete | ran=84 | skipped=0 | failures=0
[2026-04-04 11:14:41] [CHECK] refs ready
Preflight passed
project_root: /root/autodl-tmp/projects/six_moe
stage: refs_ready
directed_pairs: 12
ref_configs: 84
dynamic_configs: 84
hybrid_configs: 360
[2026-04-04 11:14:44] [DYN] running target dynamic stage
[RUN] dyn_p01_vehicles1_to_vehicles2_E16_K4_s1
[OK] dyn_p01_vehicles1_to_vehicles2_E16_K4_s1
[RUN] dyn_p01_vehicles1_to_vehicles2_E16_K6_s1
[OK] dyn_p01_vehicles1_to_vehicles2_E16_K6_s1
[RUN] dyn_p01_vehicles1_to_vehicles2_E16_K8_s1
[OK] dyn_p01_vehicles1_to_vehicles2_E16_K8_s1
[RUN] dyn_p01_vehicles1_to_vehicles2_E32_K4_s1
[OK] dyn_p01_vehicles1_to_vehicles2_E32_K4_s1
[RUN] dyn_p01_vehicles1_to_vehicles2_E32_K6_s1
[OK] dyn_p01_vehicles1_to_vehicles2_E32_K6_s1
[RUN] dyn_p01_vehicles1_to_vehicles2_E32_K8_s1
[OK] dyn_p01_vehicles1_to_vehicles2_E32_K8_s1
[RUN] dyn_p01_vehicles1_to_vehicles2_E8_K4_s1
[OK] dyn_p01_vehicles1_to_vehicles2_E8_K4_s1
[RUN] dyn_p01_vehicles2_to_vehicles1_E16_K4_s1
[OK] dyn_p01_vehicles2_to_vehicles1_E16_K4_s1
[RUN] dyn_p01_vehicles2_to_vehicles1_E16_K6_s1
[OK] dyn_p01_vehicles2_to_vehicles1_E16_K6_s1
[RUN] dyn_p01_vehicles2_to_vehicles1_E16_K8_s1
[OK] dyn_p01_vehicles2_to_vehicles1_E16_K8_s1
[RUN] dyn_p01_vehicles2_to_vehicles1_E32_K4_s1
[OK] dyn_p01_vehicles2_to_vehicles1_E32_K4_s1
[RUN] dyn_p01_vehicles2_to_vehicles1_E32_K6_s1
[OK] dyn_p01_vehicles2_to_vehicles1_E32_K6_s1
[RUN] dyn_p01_vehicles2_to_vehicles1_E32_K8_s1
[OK] dyn_p01_vehicles2_to_vehicles1_E32_K8_s1
[RUN] dyn_p01_vehicles2_to_vehicles1_E8_K4_s1
[OK] dyn_p01_vehicles2_to_vehicles1_E8_K4_s1
[RUN] dyn_p02_aquatic_mammals_to_fish_E16_K4_s1
[OK] dyn_p02_aquatic_mammals_to_fish_E16_K4_s1
[RUN] dyn_p02_aquatic_mammals_to_fish_E16_K6_s1
[OK] dyn_p02_aquatic_mammals_to_fish_E16_K6_s1
[RUN] dyn_p02_aquatic_mammals_to_fish_E16_K8_s1
[OK] dyn_p02_aquatic_mammals_to_fish_E16_K8_s1
[RUN] dyn_p02_aquatic_mammals_to_fish_E32_K4_s1
[OK] dyn_p02_aquatic_mammals_to_fish_E32_K4_s1
[RUN] dyn_p02_aquatic_mammals_to_fish_E32_K6_s1
[OK] dyn_p02_aquatic_mammals_to_fish_E32_K6_s1
[RUN] dyn_p02_aquatic_mammals_to_fish_E32_K8_s1
[OK] dyn_p02_aquatic_mammals_to_fish_E32_K8_s1
[RUN] dyn_p02_aquatic_mammals_to_fish_E8_K4_s1
[OK] dyn_p02_aquatic_mammals_to_fish_E8_K4_s1
[RUN] dyn_p02_fish_to_aquatic_mammals_E16_K4_s1
[OK] dyn_p02_fish_to_aquatic_mammals_E16_K4_s1
[RUN] dyn_p02_fish_to_aquatic_mammals_E16_K6_s1
[OK] dyn_p02_fish_to_aquatic_mammals_E16_K6_s1
[RUN] dyn_p02_fish_to_aquatic_mammals_E16_K8_s1
[OK] dyn_p02_fish_to_aquatic_mammals_E16_K8_s1
[RUN] dyn_p02_fish_to_aquatic_mammals_E32_K4_s1
[OK] dyn_p02_fish_to_aquatic_mammals_E32_K4_s1
[RUN] dyn_p02_fish_to_aquatic_mammals_E32_K6_s1
[OK] dyn_p02_fish_to_aquatic_mammals_E32_K6_s1
[RUN] dyn_p02_fish_to_aquatic_mammals_E32_K8_s1
[OK] dyn_p02_fish_to_aquatic_mammals_E32_K8_s1
[RUN] dyn_p02_fish_to_aquatic_mammals_E8_K4_s1
[OK] dyn_p02_fish_to_aquatic_mammals_E8_K4_s1
[RUN] dyn_p03_flowers_to_trees_E16_K4_s1
[OK] dyn_p03_flowers_to_trees_E16_K4_s1
[RUN] dyn_p03_flowers_to_trees_E16_K6_s1
[OK] dyn_p03_flowers_to_trees_E16_K6_s1
[RUN] dyn_p03_flowers_to_trees_E16_K8_s1
[OK] dyn_p03_flowers_to_trees_E16_K8_s1
[RUN] dyn_p03_flowers_to_trees_E32_K4_s1
[OK] dyn_p03_flowers_to_trees_E32_K4_s1
[RUN] dyn_p03_flowers_to_trees_E32_K6_s1
[OK] dyn_p03_flowers_to_trees_E32_K6_s1
[RUN] dyn_p03_flowers_to_trees_E32_K8_s1
[OK] dyn_p03_flowers_to_trees_E32_K8_s1
[RUN] dyn_p03_flowers_to_trees_E8_K4_s1
[OK] dyn_p03_flowers_to_trees_E8_K4_s1
[RUN] dyn_p03_trees_to_flowers_E16_K4_s1
[OK] dyn_p03_trees_to_flowers_E16_K4_s1
[RUN] dyn_p03_trees_to_flowers_E16_K6_s1
[OK] dyn_p03_trees_to_flowers_E16_K6_s1
[RUN] dyn_p03_trees_to_flowers_E16_K8_s1
[OK] dyn_p03_trees_to_flowers_E16_K8_s1
[RUN] dyn_p03_trees_to_flowers_E32_K4_s1
[OK] dyn_p03_trees_to_flowers_E32_K4_s1
[RUN] dyn_p03_trees_to_flowers_E32_K6_s1
[OK] dyn_p03_trees_to_flowers_E32_K6_s1
[RUN] dyn_p03_trees_to_flowers_E32_K8_s1
[OK] dyn_p03_trees_to_flowers_E32_K8_s1
[RUN] dyn_p03_trees_to_flowers_E8_K4_s1
[OK] dyn_p03_trees_to_flowers_E8_K4_s1
[RUN] dyn_p04_insects_to_non_insect_invertebrates_E16_K4_s1
[OK] dyn_p04_insects_to_non_insect_invertebrates_E16_K4_s1
[RUN] dyn_p04_insects_to_non_insect_invertebrates_E16_K6_s1
[OK] dyn_p04_insects_to_non_insect_invertebrates_E16_K6_s1
[RUN] dyn_p04_insects_to_non_insect_invertebrates_E16_K8_s1
[OK] dyn_p04_insects_to_non_insect_invertebrates_E16_K8_s1
[RUN] dyn_p04_insects_to_non_insect_invertebrates_E32_K4_s1
[OK] dyn_p04_insects_to_non_insect_invertebrates_E32_K4_s1
[RUN] dyn_p04_insects_to_non_insect_invertebrates_E32_K6_s1
[OK] dyn_p04_insects_to_non_insect_invertebrates_E32_K6_s1
[RUN] dyn_p04_insects_to_non_insect_invertebrates_E32_K8_s1
[OK] dyn_p04_insects_to_non_insect_invertebrates_E32_K8_s1
[RUN] dyn_p04_insects_to_non_insect_invertebrates_E8_K4_s1
[OK] dyn_p04_insects_to_non_insect_invertebrates_E8_K4_s1
[RUN] dyn_p04_non_insect_invertebrates_to_insects_E16_K4_s1
[OK] dyn_p04_non_insect_invertebrates_to_insects_E16_K4_s1
[RUN] dyn_p04_non_insect_invertebrates_to_insects_E16_K6_s1
[OK] dyn_p04_non_insect_invertebrates_to_insects_E16_K6_s1
[RUN] dyn_p04_non_insect_invertebrates_to_insects_E16_K8_s1
[OK] dyn_p04_non_insect_invertebrates_to_insects_E16_K8_s1
[RUN] dyn_p04_non_insect_invertebrates_to_insects_E32_K4_s1
[OK] dyn_p04_non_insect_invertebrates_to_insects_E32_K4_s1
[RUN] dyn_p04_non_insect_invertebrates_to_insects_E32_K6_s1
[OK] dyn_p04_non_insect_invertebrates_to_insects_E32_K6_s1
[RUN] dyn_p04_non_insect_invertebrates_to_insects_E32_K8_s1
[OK] dyn_p04_non_insect_invertebrates_to_insects_E32_K8_s1
[RUN] dyn_p04_non_insect_invertebrates_to_insects_E8_K4_s1
[OK] dyn_p04_non_insect_invertebrates_to_insects_E8_K4_s1
[RUN] dyn_p05_medium_sized_mammals_to_small_mammals_E16_K4_s1
[OK] dyn_p05_medium_sized_mammals_to_small_mammals_E16_K4_s1
[RUN] dyn_p05_medium_sized_mammals_to_small_mammals_E16_K6_s1
[OK] dyn_p05_medium_sized_mammals_to_small_mammals_E16_K6_s1
[RUN] dyn_p05_medium_sized_mammals_to_small_mammals_E16_K8_s1
[OK] dyn_p05_medium_sized_mammals_to_small_mammals_E16_K8_s1
[RUN] dyn_p05_medium_sized_mammals_to_small_mammals_E32_K4_s1
[OK] dyn_p05_medium_sized_mammals_to_small_mammals_E32_K4_s1
[RUN] dyn_p05_medium_sized_mammals_to_small_mammals_E32_K6_s1
[OK] dyn_p05_medium_sized_mammals_to_small_mammals_E32_K6_s1
[RUN] dyn_p05_medium_sized_mammals_to_small_mammals_E32_K8_s1
[OK] dyn_p05_medium_sized_mammals_to_small_mammals_E32_K8_s1
[RUN] dyn_p05_medium_sized_mammals_to_small_mammals_E8_K4_s1
[OK] dyn_p05_medium_sized_mammals_to_small_mammals_E8_K4_s1
[RUN] dyn_p05_small_mammals_to_medium_sized_mammals_E16_K4_s1
[OK] dyn_p05_small_mammals_to_medium_sized_mammals_E16_K4_s1
[RUN] dyn_p05_small_mammals_to_medium_sized_mammals_E16_K6_s1
[OK] dyn_p05_small_mammals_to_medium_sized_mammals_E16_K6_s1
[RUN] dyn_p05_small_mammals_to_medium_sized_mammals_E16_K8_s1
[OK] dyn_p05_small_mammals_to_medium_sized_mammals_E16_K8_s1
[RUN] dyn_p05_small_mammals_to_medium_sized_mammals_E32_K4_s1
[OK] dyn_p05_small_mammals_to_medium_sized_mammals_E32_K4_s1
[RUN] dyn_p05_small_mammals_to_medium_sized_mammals_E32_K6_s1
[OK] dyn_p05_small_mammals_to_medium_sized_mammals_E32_K6_s1
[RUN] dyn_p05_small_mammals_to_medium_sized_mammals_E32_K8_s1
[OK] dyn_p05_small_mammals_to_medium_sized_mammals_E32_K8_s1
[RUN] dyn_p05_small_mammals_to_medium_sized_mammals_E8_K4_s1
[OK] dyn_p05_small_mammals_to_medium_sized_mammals_E8_K4_s1
[RUN] dyn_p06_large_carnivores_to_large_omnivores_herbivores_E16_K4_s1
[OK] dyn_p06_large_carnivores_to_large_omnivores_herbivores_E16_K4_s1
[RUN] dyn_p06_large_carnivores_to_large_omnivores_herbivores_E16_K6_s1
[OK] dyn_p06_large_carnivores_to_large_omnivores_herbivores_E16_K6_s1
[RUN] dyn_p06_large_carnivores_to_large_omnivores_herbivores_E16_K8_s1
[OK] dyn_p06_large_carnivores_to_large_omnivores_herbivores_E16_K8_s1
[RUN] dyn_p06_large_carnivores_to_large_omnivores_herbivores_E32_K4_s1
[OK] dyn_p06_large_carnivores_to_large_omnivores_herbivores_E32_K4_s1
[RUN] dyn_p06_large_carnivores_to_large_omnivores_herbivores_E32_K6_s1
[OK] dyn_p06_large_carnivores_to_large_omnivores_herbivores_E32_K6_s1
[RUN] dyn_p06_large_carnivores_to_large_omnivores_herbivores_E32_K8_s1
[OK] dyn_p06_large_carnivores_to_large_omnivores_herbivores_E32_K8_s1
[RUN] dyn_p06_large_carnivores_to_large_omnivores_herbivores_E8_K4_s1
[OK] dyn_p06_large_carnivores_to_large_omnivores_herbivores_E8_K4_s1
[RUN] dyn_p06_large_omnivores_herbivores_to_large_carnivores_E16_K4_s1
[OK] dyn_p06_large_omnivores_herbivores_to_large_carnivores_E16_K4_s1
[RUN] dyn_p06_large_omnivores_herbivores_to_large_carnivores_E16_K6_s1
[OK] dyn_p06_large_omnivores_herbivores_to_large_carnivores_E16_K6_s1
[RUN] dyn_p06_large_omnivores_herbivores_to_large_carnivores_E16_K8_s1
[OK] dyn_p06_large_omnivores_herbivores_to_large_carnivores_E16_K8_s1
[RUN] dyn_p06_large_omnivores_herbivores_to_large_carnivores_E32_K4_s1
[OK] dyn_p06_large_omnivores_herbivores_to_large_carnivores_E32_K4_s1
[RUN] dyn_p06_large_omnivores_herbivores_to_large_carnivores_E32_K6_s1
[OK] dyn_p06_large_omnivores_herbivores_to_large_carnivores_E32_K6_s1
[RUN] dyn_p06_large_omnivores_herbivores_to_large_carnivores_E32_K8_s1
[OK] dyn_p06_large_omnivores_herbivores_to_large_carnivores_E32_K8_s1
[RUN] dyn_p06_large_omnivores_herbivores_to_large_carnivores_E8_K4_s1
[OK] dyn_p06_large_omnivores_herbivores_to_large_carnivores_E8_K4_s1
stage complete | ran=84 | skipped=0 | failures=0
[2026-04-04 11:36:49] [CHECK] hybrid prerequisites
Preflight passed
project_root: /root/autodl-tmp/projects/six_moe
stage: hybrid_ready
directed_pairs: 12
ref_configs: 84
dynamic_configs: 84
hybrid_configs: 360
[2026-04-04 11:36:53] [HYB] running hybrid/fixed stage
[RUN] fix_p01_vehicles1_to_vehicles2_E16_K4_F4_s1
[OK] fix_p01_vehicles1_to_vehicles2_E16_K4_F4_s1
[RUN] fix_p01_vehicles1_to_vehicles2_E16_K6_F6_s1
[OK] fix_p01_vehicles1_to_vehicles2_E16_K6_F6_s1
[RUN] fix_p01_vehicles1_to_vehicles2_E16_K8_F8_s1
[OK] fix_p01_vehicles1_to_vehicles2_E16_K8_F8_s1
[RUN] fix_p01_vehicles1_to_vehicles2_E32_K4_F4_s1
[OK] fix_p01_vehicles1_to_vehicles2_E32_K4_F4_s1
[RUN] fix_p01_vehicles1_to_vehicles2_E32_K6_F6_s1
[OK] fix_p01_vehicles1_to_vehicles2_E32_K6_F6_s1
[RUN] fix_p01_vehicles1_to_vehicles2_E32_K8_F8_s1
[OK] fix_p01_vehicles1_to_vehicles2_E32_K8_F8_s1
[RUN] fix_p01_vehicles1_to_vehicles2_E8_K4_F4_s1
[OK] fix_p01_vehicles1_to_vehicles2_E8_K4_F4_s1
[RUN] fix_p01_vehicles2_to_vehicles1_E16_K4_F4_s1
[OK] fix_p01_vehicles2_to_vehicles1_E16_K4_F4_s1
[RUN] fix_p01_vehicles2_to_vehicles1_E16_K6_F6_s1
[OK] fix_p01_vehicles2_to_vehicles1_E16_K6_F6_s1
[RUN] fix_p01_vehicles2_to_vehicles1_E16_K8_F8_s1
[OK] fix_p01_vehicles2_to_vehicles1_E16_K8_F8_s1
[RUN] fix_p01_vehicles2_to_vehicles1_E32_K4_F4_s1
[OK] fix_p01_vehicles2_to_vehicles1_E32_K4_F4_s1
[RUN] fix_p01_vehicles2_to_vehicles1_E32_K6_F6_s1
[OK] fix_p01_vehicles2_to_vehicles1_E32_K6_F6_s1
[RUN] fix_p01_vehicles2_to_vehicles1_E32_K8_F8_s1
[OK] fix_p01_vehicles2_to_vehicles1_E32_K8_F8_s1
[RUN] fix_p01_vehicles2_to_vehicles1_E8_K4_F4_s1
[OK] fix_p01_vehicles2_to_vehicles1_E8_K4_F4_s1
[RUN] fix_p02_aquatic_mammals_to_fish_E16_K4_F4_s1
[OK] fix_p02_aquatic_mammals_to_fish_E16_K4_F4_s1
[RUN] fix_p02_aquatic_mammals_to_fish_E16_K6_F6_s1
[OK] fix_p02_aquatic_mammals_to_fish_E16_K6_F6_s1
[RUN] fix_p02_aquatic_mammals_to_fish_E16_K8_F8_s1
[OK] fix_p02_aquatic_mammals_to_fish_E16_K8_F8_s1
[RUN] fix_p02_aquatic_mammals_to_fish_E32_K4_F4_s1
[OK] fix_p02_aquatic_mammals_to_fish_E32_K4_F4_s1
[RUN] fix_p02_aquatic_mammals_to_fish_E32_K6_F6_s1
[OK] fix_p02_aquatic_mammals_to_fish_E32_K6_F6_s1
[RUN] fix_p02_aquatic_mammals_to_fish_E32_K8_F8_s1
[OK] fix_p02_aquatic_mammals_to_fish_E32_K8_F8_s1
[RUN] fix_p02_aquatic_mammals_to_fish_E8_K4_F4_s1
[OK] fix_p02_aquatic_mammals_to_fish_E8_K4_F4_s1
[RUN] fix_p02_fish_to_aquatic_mammals_E16_K4_F4_s1
[OK] fix_p02_fish_to_aquatic_mammals_E16_K4_F4_s1
[RUN] fix_p02_fish_to_aquatic_mammals_E16_K6_F6_s1
[OK] fix_p02_fish_to_aquatic_mammals_E16_K6_F6_s1
[RUN] fix_p02_fish_to_aquatic_mammals_E16_K8_F8_s1
[OK] fix_p02_fish_to_aquatic_mammals_E16_K8_F8_s1
[RUN] fix_p02_fish_to_aquatic_mammals_E32_K4_F4_s1
[OK] fix_p02_fish_to_aquatic_mammals_E32_K4_F4_s1
[RUN] fix_p02_fish_to_aquatic_mammals_E32_K6_F6_s1
[OK] fix_p02_fish_to_aquatic_mammals_E32_K6_F6_s1
[RUN] fix_p02_fish_to_aquatic_mammals_E32_K8_F8_s1
[OK] fix_p02_fish_to_aquatic_mammals_E32_K8_F8_s1
[RUN] fix_p02_fish_to_aquatic_mammals_E8_K4_F4_s1
[OK] fix_p02_fish_to_aquatic_mammals_E8_K4_F4_s1
[RUN] fix_p03_flowers_to_trees_E16_K4_F4_s1
[OK] fix_p03_flowers_to_trees_E16_K4_F4_s1
[RUN] fix_p03_flowers_to_trees_E16_K6_F6_s1
[OK] fix_p03_flowers_to_trees_E16_K6_F6_s1
[RUN] fix_p03_flowers_to_trees_E16_K8_F8_s1
[OK] fix_p03_flowers_to_trees_E16_K8_F8_s1
[RUN] fix_p03_flowers_to_trees_E32_K4_F4_s1
[OK] fix_p03_flowers_to_trees_E32_K4_F4_s1
[RUN] fix_p03_flowers_to_trees_E32_K6_F6_s1
[OK] fix_p03_flowers_to_trees_E32_K6_F6_s1
[RUN] fix_p03_flowers_to_trees_E32_K8_F8_s1
[OK] fix_p03_flowers_to_trees_E32_K8_F8_s1
[RUN] fix_p03_flowers_to_trees_E8_K4_F4_s1
[OK] fix_p03_flowers_to_trees_E8_K4_F4_s1
[RUN] fix_p03_trees_to_flowers_E16_K4_F4_s1
[OK] fix_p03_trees_to_flowers_E16_K4_F4_s1
[RUN] fix_p03_trees_to_flowers_E16_K6_F6_s1
[OK] fix_p03_trees_to_flowers_E16_K6_F6_s1
[RUN] fix_p03_trees_to_flowers_E16_K8_F8_s1
[OK] fix_p03_trees_to_flowers_E16_K8_F8_s1
[RUN] fix_p03_trees_to_flowers_E32_K4_F4_s1
[OK] fix_p03_trees_to_flowers_E32_K4_F4_s1
[RUN] fix_p03_trees_to_flowers_E32_K6_F6_s1
[OK] fix_p03_trees_to_flowers_E32_K6_F6_s1
[RUN] fix_p03_trees_to_flowers_E32_K8_F8_s1
[OK] fix_p03_trees_to_flowers_E32_K8_F8_s1
[RUN] fix_p03_trees_to_flowers_E8_K4_F4_s1
[OK] fix_p03_trees_to_flowers_E8_K4_F4_s1
[RUN] fix_p04_insects_to_non_insect_invertebrates_E16_K4_F4_s1
[OK] fix_p04_insects_to_non_insect_invertebrates_E16_K4_F4_s1
[RUN] fix_p04_insects_to_non_insect_invertebrates_E16_K6_F6_s1
[OK] fix_p04_insects_to_non_insect_invertebrates_E16_K6_F6_s1
[RUN] fix_p04_insects_to_non_insect_invertebrates_E16_K8_F8_s1
[OK] fix_p04_insects_to_non_insect_invertebrates_E16_K8_F8_s1
[RUN] fix_p04_insects_to_non_insect_invertebrates_E32_K4_F4_s1
[OK] fix_p04_insects_to_non_insect_invertebrates_E32_K4_F4_s1
[RUN] fix_p04_insects_to_non_insect_invertebrates_E32_K6_F6_s1
[OK] fix_p04_insects_to_non_insect_invertebrates_E32_K6_F6_s1
[RUN] fix_p04_insects_to_non_insect_invertebrates_E32_K8_F8_s1
[OK] fix_p04_insects_to_non_insect_invertebrates_E32_K8_F8_s1
[RUN] fix_p04_insects_to_non_insect_invertebrates_E8_K4_F4_s1
[OK] fix_p04_insects_to_non_insect_invertebrates_E8_K4_F4_s1
[RUN] fix_p04_non_insect_invertebrates_to_insects_E16_K4_F4_s1
[OK] fix_p04_non_insect_invertebrates_to_insects_E16_K4_F4_s1
[RUN] fix_p04_non_insect_invertebrates_to_insects_E16_K6_F6_s1
[OK] fix_p04_non_insect_invertebrates_to_insects_E16_K6_F6_s1
[RUN] fix_p04_non_insect_invertebrates_to_insects_E16_K8_F8_s1
[OK] fix_p04_non_insect_invertebrates_to_insects_E16_K8_F8_s1
[RUN] fix_p04_non_insect_invertebrates_to_insects_E32_K4_F4_s1
[OK] fix_p04_non_insect_invertebrates_to_insects_E32_K4_F4_s1
[RUN] fix_p04_non_insect_invertebrates_to_insects_E32_K6_F6_s1
[OK] fix_p04_non_insect_invertebrates_to_insects_E32_K6_F6_s1
[RUN] fix_p04_non_insect_invertebrates_to_insects_E32_K8_F8_s1
[OK] fix_p04_non_insect_invertebrates_to_insects_E32_K8_F8_s1
[RUN] fix_p04_non_insect_invertebrates_to_insects_E8_K4_F4_s1
[OK] fix_p04_non_insect_invertebrates_to_insects_E8_K4_F4_s1
[RUN] fix_p05_medium_sized_mammals_to_small_mammals_E16_K4_F4_s1
[OK] fix_p05_medium_sized_mammals_to_small_mammals_E16_K4_F4_s1
[RUN] fix_p05_medium_sized_mammals_to_small_mammals_E16_K6_F6_s1
[OK] fix_p05_medium_sized_mammals_to_small_mammals_E16_K6_F6_s1
[RUN] fix_p05_medium_sized_mammals_to_small_mammals_E16_K8_F8_s1
[OK] fix_p05_medium_sized_mammals_to_small_mammals_E16_K8_F8_s1
[RUN] fix_p05_medium_sized_mammals_to_small_mammals_E32_K4_F4_s1
[OK] fix_p05_medium_sized_mammals_to_small_mammals_E32_K4_F4_s1
[RUN] fix_p05_medium_sized_mammals_to_small_mammals_E32_K6_F6_s1
[OK] fix_p05_medium_sized_mammals_to_small_mammals_E32_K6_F6_s1
[RUN] fix_p05_medium_sized_mammals_to_small_mammals_E32_K8_F8_s1
[OK] fix_p05_medium_sized_mammals_to_small_mammals_E32_K8_F8_s1
[RUN] fix_p05_medium_sized_mammals_to_small_mammals_E8_K4_F4_s1
[OK] fix_p05_medium_sized_mammals_to_small_mammals_E8_K4_F4_s1
[RUN] fix_p05_small_mammals_to_medium_sized_mammals_E16_K4_F4_s1
[OK] fix_p05_small_mammals_to_medium_sized_mammals_E16_K4_F4_s1
[RUN] fix_p05_small_mammals_to_medium_sized_mammals_E16_K6_F6_s1
[OK] fix_p05_small_mammals_to_medium_sized_mammals_E16_K6_F6_s1
[RUN] fix_p05_small_mammals_to_medium_sized_mammals_E16_K8_F8_s1
[OK] fix_p05_small_mammals_to_medium_sized_mammals_E16_K8_F8_s1
[RUN] fix_p05_small_mammals_to_medium_sized_mammals_E32_K4_F4_s1
[OK] fix_p05_small_mammals_to_medium_sized_mammals_E32_K4_F4_s1
[RUN] fix_p05_small_mammals_to_medium_sized_mammals_E32_K6_F6_s1
[OK] fix_p05_small_mammals_to_medium_sized_mammals_E32_K6_F6_s1
[RUN] fix_p05_small_mammals_to_medium_sized_mammals_E32_K8_F8_s1
[OK] fix_p05_small_mammals_to_medium_sized_mammals_E32_K8_F8_s1
[RUN] fix_p05_small_mammals_to_medium_sized_mammals_E8_K4_F4_s1
[OK] fix_p05_small_mammals_to_medium_sized_mammals_E8_K4_F4_s1
[RUN] fix_p06_large_carnivores_to_large_omnivores_herbivores_E16_K4_F4_s1
[OK] fix_p06_large_carnivores_to_large_omnivores_herbivores_E16_K4_F4_s1
[RUN] fix_p06_large_carnivores_to_large_omnivores_herbivores_E16_K6_F6_s1
[OK] fix_p06_large_carnivores_to_large_omnivores_herbivores_E16_K6_F6_s1
[RUN] fix_p06_large_carnivores_to_large_omnivores_herbivores_E16_K8_F8_s1
[OK] fix_p06_large_carnivores_to_large_omnivores_herbivores_E16_K8_F8_s1
[RUN] fix_p06_large_carnivores_to_large_omnivores_herbivores_E32_K4_F4_s1
[OK] fix_p06_large_carnivores_to_large_omnivores_herbivores_E32_K4_F4_s1
[RUN] fix_p06_large_carnivores_to_large_omnivores_herbivores_E32_K6_F6_s1
[OK] fix_p06_large_carnivores_to_large_omnivores_herbivores_E32_K6_F6_s1
[RUN] fix_p06_large_carnivores_to_large_omnivores_herbivores_E32_K8_F8_s1
[OK] fix_p06_large_carnivores_to_large_omnivores_herbivores_E32_K8_F8_s1
[RUN] fix_p06_large_carnivores_to_large_omnivores_herbivores_E8_K4_F4_s1
[OK] fix_p06_large_carnivores_to_large_omnivores_herbivores_E8_K4_F4_s1
[RUN] fix_p06_large_omnivores_herbivores_to_large_carnivores_E16_K4_F4_s1
[OK] fix_p06_large_omnivores_herbivores_to_large_carnivores_E16_K4_F4_s1
[RUN] fix_p06_large_omnivores_herbivores_to_large_carnivores_E16_K6_F6_s1
[OK] fix_p06_large_omnivores_herbivores_to_large_carnivores_E16_K6_F6_s1
[RUN] fix_p06_large_omnivores_herbivores_to_large_carnivores_E16_K8_F8_s1
[OK] fix_p06_large_omnivores_herbivores_to_large_carnivores_E16_K8_F8_s1
[RUN] fix_p06_large_omnivores_herbivores_to_large_carnivores_E32_K4_F4_s1
[OK] fix_p06_large_omnivores_herbivores_to_large_carnivores_E32_K4_F4_s1
[RUN] fix_p06_large_omnivores_herbivores_to_large_carnivores_E32_K6_F6_s1
[OK] fix_p06_large_omnivores_herbivores_to_large_carnivores_E32_K6_F6_s1
[RUN] fix_p06_large_omnivores_herbivores_to_large_carnivores_E32_K8_F8_s1
[OK] fix_p06_large_omnivores_herbivores_to_large_carnivores_E32_K8_F8_s1
[RUN] fix_p06_large_omnivores_herbivores_to_large_carnivores_E8_K4_F4_s1
[OK] fix_p06_large_omnivores_herbivores_to_large_carnivores_E8_K4_F4_s1
[RUN] hyb_p01_vehicles1_to_vehicles2_E16_K4_F1_s1
[OK] hyb_p01_vehicles1_to_vehicles2_E16_K4_F1_s1
[RUN] hyb_p01_vehicles1_to_vehicles2_E16_K4_F2_s1
[OK] hyb_p01_vehicles1_to_vehicles2_E16_K4_F2_s1
[RUN] hyb_p01_vehicles1_to_vehicles2_E16_K4_F3_s1
[OK] hyb_p01_vehicles1_to_vehicles2_E16_K4_F3_s1
[RUN] hyb_p01_vehicles1_to_vehicles2_E16_K6_F1_s1
[OK] hyb_p01_vehicles1_to_vehicles2_E16_K6_F1_s1
[RUN] hyb_p01_vehicles1_to_vehicles2_E16_K6_F2_s1
[OK] hyb_p01_vehicles1_to_vehicles2_E16_K6_F2_s1
[RUN] hyb_p01_vehicles1_to_vehicles2_E16_K6_F4_s1
[OK] hyb_p01_vehicles1_to_vehicles2_E16_K6_F4_s1
[RUN] hyb_p01_vehicles1_to_vehicles2_E16_K8_F1_s1
[OK] hyb_p01_vehicles1_to_vehicles2_E16_K8_F1_s1
[RUN] hyb_p01_vehicles1_to_vehicles2_E16_K8_F2_s1
[OK] hyb_p01_vehicles1_to_vehicles2_E16_K8_F2_s1
[RUN] hyb_p01_vehicles1_to_vehicles2_E16_K8_F4_s1
[OK] hyb_p01_vehicles1_to_vehicles2_E16_K8_F4_s1
[RUN] hyb_p01_vehicles1_to_vehicles2_E16_K8_F6_s1
[OK] hyb_p01_vehicles1_to_vehicles2_E16_K8_F6_s1
[RUN] hyb_p01_vehicles1_to_vehicles2_E32_K4_F1_s1
[OK] hyb_p01_vehicles1_to_vehicles2_E32_K4_F1_s1
[RUN] hyb_p01_vehicles1_to_vehicles2_E32_K4_F2_s1
[OK] hyb_p01_vehicles1_to_vehicles2_E32_K4_F2_s1
[RUN] hyb_p01_vehicles1_to_vehicles2_E32_K4_F3_s1
[OK] hyb_p01_vehicles1_to_vehicles2_E32_K4_F3_s1
[RUN] hyb_p01_vehicles1_to_vehicles2_E32_K6_F1_s1
[OK] hyb_p01_vehicles1_to_vehicles2_E32_K6_F1_s1
[RUN] hyb_p01_vehicles1_to_vehicles2_E32_K6_F2_s1
[OK] hyb_p01_vehicles1_to_vehicles2_E32_K6_F2_s1
[RUN] hyb_p01_vehicles1_to_vehicles2_E32_K6_F4_s1
[OK] hyb_p01_vehicles1_to_vehicles2_E32_K6_F4_s1
[RUN] hyb_p01_vehicles1_to_vehicles2_E32_K8_F1_s1
[OK] hyb_p01_vehicles1_to_vehicles2_E32_K8_F1_s1
[RUN] hyb_p01_vehicles1_to_vehicles2_E32_K8_F2_s1
[OK] hyb_p01_vehicles1_to_vehicles2_E32_K8_F2_s1
[RUN] hyb_p01_vehicles1_to_vehicles2_E32_K8_F4_s1
[OK] hyb_p01_vehicles1_to_vehicles2_E32_K8_F4_s1
[RUN] hyb_p01_vehicles1_to_vehicles2_E32_K8_F6_s1
[OK] hyb_p01_vehicles1_to_vehicles2_E32_K8_F6_s1
[RUN] hyb_p01_vehicles1_to_vehicles2_E8_K4_F1_s1
[OK] hyb_p01_vehicles1_to_vehicles2_E8_K4_F1_s1
[RUN] hyb_p01_vehicles1_to_vehicles2_E8_K4_F2_s1
[OK] hyb_p01_vehicles1_to_vehicles2_E8_K4_F2_s1
[RUN] hyb_p01_vehicles1_to_vehicles2_E8_K4_F3_s1
[OK] hyb_p01_vehicles1_to_vehicles2_E8_K4_F3_s1
[RUN] hyb_p01_vehicles2_to_vehicles1_E16_K4_F1_s1
[OK] hyb_p01_vehicles2_to_vehicles1_E16_K4_F1_s1
[RUN] hyb_p01_vehicles2_to_vehicles1_E16_K4_F2_s1
[OK] hyb_p01_vehicles2_to_vehicles1_E16_K4_F2_s1
[RUN] hyb_p01_vehicles2_to_vehicles1_E16_K4_F3_s1
[OK] hyb_p01_vehicles2_to_vehicles1_E16_K4_F3_s1
[RUN] hyb_p01_vehicles2_to_vehicles1_E16_K6_F1_s1
[OK] hyb_p01_vehicles2_to_vehicles1_E16_K6_F1_s1
[RUN] hyb_p01_vehicles2_to_vehicles1_E16_K6_F2_s1
[OK] hyb_p01_vehicles2_to_vehicles1_E16_K6_F2_s1
[RUN] hyb_p01_vehicles2_to_vehicles1_E16_K6_F4_s1
[OK] hyb_p01_vehicles2_to_vehicles1_E16_K6_F4_s1
[RUN] hyb_p01_vehicles2_to_vehicles1_E16_K8_F1_s1
[OK] hyb_p01_vehicles2_to_vehicles1_E16_K8_F1_s1
[RUN] hyb_p01_vehicles2_to_vehicles1_E16_K8_F2_s1
[OK] hyb_p01_vehicles2_to_vehicles1_E16_K8_F2_s1
[RUN] hyb_p01_vehicles2_to_vehicles1_E16_K8_F4_s1
[OK] hyb_p01_vehicles2_to_vehicles1_E16_K8_F4_s1
[RUN] hyb_p01_vehicles2_to_vehicles1_E16_K8_F6_s1
[OK] hyb_p01_vehicles2_to_vehicles1_E16_K8_F6_s1
[RUN] hyb_p01_vehicles2_to_vehicles1_E32_K4_F1_s1
[OK] hyb_p01_vehicles2_to_vehicles1_E32_K4_F1_s1
[RUN] hyb_p01_vehicles2_to_vehicles1_E32_K4_F2_s1
[OK] hyb_p01_vehicles2_to_vehicles1_E32_K4_F2_s1
[RUN] hyb_p01_vehicles2_to_vehicles1_E32_K4_F3_s1
[OK] hyb_p01_vehicles2_to_vehicles1_E32_K4_F3_s1
[RUN] hyb_p01_vehicles2_to_vehicles1_E32_K6_F1_s1
[OK] hyb_p01_vehicles2_to_vehicles1_E32_K6_F1_s1
[RUN] hyb_p01_vehicles2_to_vehicles1_E32_K6_F2_s1
[OK] hyb_p01_vehicles2_to_vehicles1_E32_K6_F2_s1
[RUN] hyb_p01_vehicles2_to_vehicles1_E32_K6_F4_s1
[OK] hyb_p01_vehicles2_to_vehicles1_E32_K6_F4_s1
[RUN] hyb_p01_vehicles2_to_vehicles1_E32_K8_F1_s1
[OK] hyb_p01_vehicles2_to_vehicles1_E32_K8_F1_s1
[RUN] hyb_p01_vehicles2_to_vehicles1_E32_K8_F2_s1
[OK] hyb_p01_vehicles2_to_vehicles1_E32_K8_F2_s1
[RUN] hyb_p01_vehicles2_to_vehicles1_E32_K8_F4_s1
[OK] hyb_p01_vehicles2_to_vehicles1_E32_K8_F4_s1
[RUN] hyb_p01_vehicles2_to_vehicles1_E32_K8_F6_s1
[OK] hyb_p01_vehicles2_to_vehicles1_E32_K8_F6_s1
[RUN] hyb_p01_vehicles2_to_vehicles1_E8_K4_F1_s1
[OK] hyb_p01_vehicles2_to_vehicles1_E8_K4_F1_s1
[RUN] hyb_p01_vehicles2_to_vehicles1_E8_K4_F2_s1
[OK] hyb_p01_vehicles2_to_vehicles1_E8_K4_F2_s1
[RUN] hyb_p01_vehicles2_to_vehicles1_E8_K4_F3_s1
[OK] hyb_p01_vehicles2_to_vehicles1_E8_K4_F3_s1
[RUN] hyb_p02_aquatic_mammals_to_fish_E16_K4_F1_s1
[OK] hyb_p02_aquatic_mammals_to_fish_E16_K4_F1_s1
[RUN] hyb_p02_aquatic_mammals_to_fish_E16_K4_F2_s1
[OK] hyb_p02_aquatic_mammals_to_fish_E16_K4_F2_s1
[RUN] hyb_p02_aquatic_mammals_to_fish_E16_K4_F3_s1
[OK] hyb_p02_aquatic_mammals_to_fish_E16_K4_F3_s1
[RUN] hyb_p02_aquatic_mammals_to_fish_E16_K6_F1_s1
[OK] hyb_p02_aquatic_mammals_to_fish_E16_K6_F1_s1
[RUN] hyb_p02_aquatic_mammals_to_fish_E16_K6_F2_s1
[OK] hyb_p02_aquatic_mammals_to_fish_E16_K6_F2_s1
[RUN] hyb_p02_aquatic_mammals_to_fish_E16_K6_F4_s1
[OK] hyb_p02_aquatic_mammals_to_fish_E16_K6_F4_s1
[RUN] hyb_p02_aquatic_mammals_to_fish_E16_K8_F1_s1
[OK] hyb_p02_aquatic_mammals_to_fish_E16_K8_F1_s1
[RUN] hyb_p02_aquatic_mammals_to_fish_E16_K8_F2_s1
[OK] hyb_p02_aquatic_mammals_to_fish_E16_K8_F2_s1
[RUN] hyb_p02_aquatic_mammals_to_fish_E16_K8_F4_s1
[OK] hyb_p02_aquatic_mammals_to_fish_E16_K8_F4_s1
[RUN] hyb_p02_aquatic_mammals_to_fish_E16_K8_F6_s1
[OK] hyb_p02_aquatic_mammals_to_fish_E16_K8_F6_s1
[RUN] hyb_p02_aquatic_mammals_to_fish_E32_K4_F1_s1
[OK] hyb_p02_aquatic_mammals_to_fish_E32_K4_F1_s1
[RUN] hyb_p02_aquatic_mammals_to_fish_E32_K4_F2_s1
[OK] hyb_p02_aquatic_mammals_to_fish_E32_K4_F2_s1
[RUN] hyb_p02_aquatic_mammals_to_fish_E32_K4_F3_s1
[OK] hyb_p02_aquatic_mammals_to_fish_E32_K4_F3_s1
[RUN] hyb_p02_aquatic_mammals_to_fish_E32_K6_F1_s1
[OK] hyb_p02_aquatic_mammals_to_fish_E32_K6_F1_s1
[RUN] hyb_p02_aquatic_mammals_to_fish_E32_K6_F2_s1
[OK] hyb_p02_aquatic_mammals_to_fish_E32_K6_F2_s1
[RUN] hyb_p02_aquatic_mammals_to_fish_E32_K6_F4_s1
[OK] hyb_p02_aquatic_mammals_to_fish_E32_K6_F4_s1
[RUN] hyb_p02_aquatic_mammals_to_fish_E32_K8_F1_s1
[OK] hyb_p02_aquatic_mammals_to_fish_E32_K8_F1_s1
[RUN] hyb_p02_aquatic_mammals_to_fish_E32_K8_F2_s1
[OK] hyb_p02_aquatic_mammals_to_fish_E32_K8_F2_s1
[RUN] hyb_p02_aquatic_mammals_to_fish_E32_K8_F4_s1
[OK] hyb_p02_aquatic_mammals_to_fish_E32_K8_F4_s1
[RUN] hyb_p02_aquatic_mammals_to_fish_E32_K8_F6_s1
[OK] hyb_p02_aquatic_mammals_to_fish_E32_K8_F6_s1
[RUN] hyb_p02_aquatic_mammals_to_fish_E8_K4_F1_s1
[OK] hyb_p02_aquatic_mammals_to_fish_E8_K4_F1_s1
[RUN] hyb_p02_aquatic_mammals_to_fish_E8_K4_F2_s1
[OK] hyb_p02_aquatic_mammals_to_fish_E8_K4_F2_s1
[RUN] hyb_p02_aquatic_mammals_to_fish_E8_K4_F3_s1
[OK] hyb_p02_aquatic_mammals_to_fish_E8_K4_F3_s1
[RUN] hyb_p02_fish_to_aquatic_mammals_E16_K4_F1_s1
[OK] hyb_p02_fish_to_aquatic_mammals_E16_K4_F1_s1
[RUN] hyb_p02_fish_to_aquatic_mammals_E16_K4_F2_s1
[OK] hyb_p02_fish_to_aquatic_mammals_E16_K4_F2_s1
[RUN] hyb_p02_fish_to_aquatic_mammals_E16_K4_F3_s1
[OK] hyb_p02_fish_to_aquatic_mammals_E16_K4_F3_s1
[RUN] hyb_p02_fish_to_aquatic_mammals_E16_K6_F1_s1
[OK] hyb_p02_fish_to_aquatic_mammals_E16_K6_F1_s1
[RUN] hyb_p02_fish_to_aquatic_mammals_E16_K6_F2_s1
[OK] hyb_p02_fish_to_aquatic_mammals_E16_K6_F2_s1
[RUN] hyb_p02_fish_to_aquatic_mammals_E16_K6_F4_s1
[OK] hyb_p02_fish_to_aquatic_mammals_E16_K6_F4_s1
[RUN] hyb_p02_fish_to_aquatic_mammals_E16_K8_F1_s1
[OK] hyb_p02_fish_to_aquatic_mammals_E16_K8_F1_s1
[RUN] hyb_p02_fish_to_aquatic_mammals_E16_K8_F2_s1
[OK] hyb_p02_fish_to_aquatic_mammals_E16_K8_F2_s1
[RUN] hyb_p02_fish_to_aquatic_mammals_E16_K8_F4_s1
[OK] hyb_p02_fish_to_aquatic_mammals_E16_K8_F4_s1
[RUN] hyb_p02_fish_to_aquatic_mammals_E16_K8_F6_s1
[OK] hyb_p02_fish_to_aquatic_mammals_E16_K8_F6_s1
[RUN] hyb_p02_fish_to_aquatic_mammals_E32_K4_F1_s1
[OK] hyb_p02_fish_to_aquatic_mammals_E32_K4_F1_s1
[RUN] hyb_p02_fish_to_aquatic_mammals_E32_K4_F2_s1
[OK] hyb_p02_fish_to_aquatic_mammals_E32_K4_F2_s1
[RUN] hyb_p02_fish_to_aquatic_mammals_E32_K4_F3_s1
[OK] hyb_p02_fish_to_aquatic_mammals_E32_K4_F3_s1
[RUN] hyb_p02_fish_to_aquatic_mammals_E32_K6_F1_s1
[OK] hyb_p02_fish_to_aquatic_mammals_E32_K6_F1_s1
[RUN] hyb_p02_fish_to_aquatic_mammals_E32_K6_F2_s1
[OK] hyb_p02_fish_to_aquatic_mammals_E32_K6_F2_s1
[RUN] hyb_p02_fish_to_aquatic_mammals_E32_K6_F4_s1
[OK] hyb_p02_fish_to_aquatic_mammals_E32_K6_F4_s1
[RUN] hyb_p02_fish_to_aquatic_mammals_E32_K8_F1_s1
[OK] hyb_p02_fish_to_aquatic_mammals_E32_K8_F1_s1
[RUN] hyb_p02_fish_to_aquatic_mammals_E32_K8_F2_s1
[OK] hyb_p02_fish_to_aquatic_mammals_E32_K8_F2_s1
[RUN] hyb_p02_fish_to_aquatic_mammals_E32_K8_F4_s1
[OK] hyb_p02_fish_to_aquatic_mammals_E32_K8_F4_s1
[RUN] hyb_p02_fish_to_aquatic_mammals_E32_K8_F6_s1
[OK] hyb_p02_fish_to_aquatic_mammals_E32_K8_F6_s1
[RUN] hyb_p02_fish_to_aquatic_mammals_E8_K4_F1_s1
[OK] hyb_p02_fish_to_aquatic_mammals_E8_K4_F1_s1
[RUN] hyb_p02_fish_to_aquatic_mammals_E8_K4_F2_s1
[OK] hyb_p02_fish_to_aquatic_mammals_E8_K4_F2_s1
[RUN] hyb_p02_fish_to_aquatic_mammals_E8_K4_F3_s1
[OK] hyb_p02_fish_to_aquatic_mammals_E8_K4_F3_s1
[RUN] hyb_p03_flowers_to_trees_E16_K4_F1_s1
[OK] hyb_p03_flowers_to_trees_E16_K4_F1_s1
[RUN] hyb_p03_flowers_to_trees_E16_K4_F2_s1
[OK] hyb_p03_flowers_to_trees_E16_K4_F2_s1
[RUN] hyb_p03_flowers_to_trees_E16_K4_F3_s1
[OK] hyb_p03_flowers_to_trees_E16_K4_F3_s1
[RUN] hyb_p03_flowers_to_trees_E16_K6_F1_s1
[OK] hyb_p03_flowers_to_trees_E16_K6_F1_s1
[RUN] hyb_p03_flowers_to_trees_E16_K6_F2_s1
[OK] hyb_p03_flowers_to_trees_E16_K6_F2_s1
[RUN] hyb_p03_flowers_to_trees_E16_K6_F4_s1
[OK] hyb_p03_flowers_to_trees_E16_K6_F4_s1
[RUN] hyb_p03_flowers_to_trees_E16_K8_F1_s1
[OK] hyb_p03_flowers_to_trees_E16_K8_F1_s1
[RUN] hyb_p03_flowers_to_trees_E16_K8_F2_s1
[OK] hyb_p03_flowers_to_trees_E16_K8_F2_s1
[RUN] hyb_p03_flowers_to_trees_E16_K8_F4_s1
[OK] hyb_p03_flowers_to_trees_E16_K8_F4_s1
[RUN] hyb_p03_flowers_to_trees_E16_K8_F6_s1
[OK] hyb_p03_flowers_to_trees_E16_K8_F6_s1
[RUN] hyb_p03_flowers_to_trees_E32_K4_F1_s1
[OK] hyb_p03_flowers_to_trees_E32_K4_F1_s1
[RUN] hyb_p03_flowers_to_trees_E32_K4_F2_s1
[OK] hyb_p03_flowers_to_trees_E32_K4_F2_s1
[RUN] hyb_p03_flowers_to_trees_E32_K4_F3_s1
[OK] hyb_p03_flowers_to_trees_E32_K4_F3_s1
[RUN] hyb_p03_flowers_to_trees_E32_K6_F1_s1
[OK] hyb_p03_flowers_to_trees_E32_K6_F1_s1
[RUN] hyb_p03_flowers_to_trees_E32_K6_F2_s1
[OK] hyb_p03_flowers_to_trees_E32_K6_F2_s1
[RUN] hyb_p03_flowers_to_trees_E32_K6_F4_s1
[OK] hyb_p03_flowers_to_trees_E32_K6_F4_s1
[RUN] hyb_p03_flowers_to_trees_E32_K8_F1_s1
[OK] hyb_p03_flowers_to_trees_E32_K8_F1_s1
[RUN] hyb_p03_flowers_to_trees_E32_K8_F2_s1
[OK] hyb_p03_flowers_to_trees_E32_K8_F2_s1
[RUN] hyb_p03_flowers_to_trees_E32_K8_F4_s1
[OK] hyb_p03_flowers_to_trees_E32_K8_F4_s1
[RUN] hyb_p03_flowers_to_trees_E32_K8_F6_s1
[OK] hyb_p03_flowers_to_trees_E32_K8_F6_s1
[RUN] hyb_p03_flowers_to_trees_E8_K4_F1_s1
[OK] hyb_p03_flowers_to_trees_E8_K4_F1_s1
[RUN] hyb_p03_flowers_to_trees_E8_K4_F2_s1
[OK] hyb_p03_flowers_to_trees_E8_K4_F2_s1
[RUN] hyb_p03_flowers_to_trees_E8_K4_F3_s1
[OK] hyb_p03_flowers_to_trees_E8_K4_F3_s1
[RUN] hyb_p03_trees_to_flowers_E16_K4_F1_s1
[OK] hyb_p03_trees_to_flowers_E16_K4_F1_s1
[RUN] hyb_p03_trees_to_flowers_E16_K4_F2_s1
[OK] hyb_p03_trees_to_flowers_E16_K4_F2_s1
[RUN] hyb_p03_trees_to_flowers_E16_K4_F3_s1
[OK] hyb_p03_trees_to_flowers_E16_K4_F3_s1
[RUN] hyb_p03_trees_to_flowers_E16_K6_F1_s1
[OK] hyb_p03_trees_to_flowers_E16_K6_F1_s1
[RUN] hyb_p03_trees_to_flowers_E16_K6_F2_s1
[OK] hyb_p03_trees_to_flowers_E16_K6_F2_s1
[RUN] hyb_p03_trees_to_flowers_E16_K6_F4_s1
[OK] hyb_p03_trees_to_flowers_E16_K6_F4_s1
[RUN] hyb_p03_trees_to_flowers_E16_K8_F1_s1
[OK] hyb_p03_trees_to_flowers_E16_K8_F1_s1
[RUN] hyb_p03_trees_to_flowers_E16_K8_F2_s1
[OK] hyb_p03_trees_to_flowers_E16_K8_F2_s1
[RUN] hyb_p03_trees_to_flowers_E16_K8_F4_s1
[OK] hyb_p03_trees_to_flowers_E16_K8_F4_s1
[SKIP] hyb_p03_trees_to_flowers_E16_K8_F6_s1
[RUN] hyb_p03_trees_to_flowers_E32_K4_F1_s1
[OK] hyb_p03_trees_to_flowers_E32_K4_F1_s1
[RUN] hyb_p03_trees_to_flowers_E32_K4_F2_s1
[OK] hyb_p03_trees_to_flowers_E32_K4_F2_s1
[RUN] hyb_p03_trees_to_flowers_E32_K4_F3_s1
[OK] hyb_p03_trees_to_flowers_E32_K4_F3_s1
[RUN] hyb_p03_trees_to_flowers_E32_K6_F1_s1
[OK] hyb_p03_trees_to_flowers_E32_K6_F1_s1
[RUN] hyb_p03_trees_to_flowers_E32_K6_F2_s1
[OK] hyb_p03_trees_to_flowers_E32_K6_F2_s1
[RUN] hyb_p03_trees_to_flowers_E32_K6_F4_s1
[OK] hyb_p03_trees_to_flowers_E32_K6_F4_s1
[RUN] hyb_p03_trees_to_flowers_E32_K8_F1_s1
[OK] hyb_p03_trees_to_flowers_E32_K8_F1_s1
[RUN] hyb_p03_trees_to_flowers_E32_K8_F2_s1
[OK] hyb_p03_trees_to_flowers_E32_K8_F2_s1
[RUN] hyb_p03_trees_to_flowers_E32_K8_F4_s1
[OK] hyb_p03_trees_to_flowers_E32_K8_F4_s1
[RUN] hyb_p03_trees_to_flowers_E32_K8_F6_s1
[OK] hyb_p03_trees_to_flowers_E32_K8_F6_s1
[RUN] hyb_p03_trees_to_flowers_E8_K4_F1_s1
[OK] hyb_p03_trees_to_flowers_E8_K4_F1_s1
[RUN] hyb_p03_trees_to_flowers_E8_K4_F2_s1
[OK] hyb_p03_trees_to_flowers_E8_K4_F2_s1
[RUN] hyb_p03_trees_to_flowers_E8_K4_F3_s1
[OK] hyb_p03_trees_to_flowers_E8_K4_F3_s1
[RUN] hyb_p04_insects_to_non_insect_invertebrates_E16_K4_F1_s1
[OK] hyb_p04_insects_to_non_insect_invertebrates_E16_K4_F1_s1
[RUN] hyb_p04_insects_to_non_insect_invertebrates_E16_K4_F2_s1
[OK] hyb_p04_insects_to_non_insect_invertebrates_E16_K4_F2_s1
[RUN] hyb_p04_insects_to_non_insect_invertebrates_E16_K4_F3_s1
[OK] hyb_p04_insects_to_non_insect_invertebrates_E16_K4_F3_s1
[RUN] hyb_p04_insects_to_non_insect_invertebrates_E16_K6_F1_s1
[OK] hyb_p04_insects_to_non_insect_invertebrates_E16_K6_F1_s1
[RUN] hyb_p04_insects_to_non_insect_invertebrates_E16_K6_F2_s1
[OK] hyb_p04_insects_to_non_insect_invertebrates_E16_K6_F2_s1
[RUN] hyb_p04_insects_to_non_insect_invertebrates_E16_K6_F4_s1
[OK] hyb_p04_insects_to_non_insect_invertebrates_E16_K6_F4_s1
[RUN] hyb_p04_insects_to_non_insect_invertebrates_E16_K8_F1_s1
[OK] hyb_p04_insects_to_non_insect_invertebrates_E16_K8_F1_s1
[RUN] hyb_p04_insects_to_non_insect_invertebrates_E16_K8_F2_s1
[OK] hyb_p04_insects_to_non_insect_invertebrates_E16_K8_F2_s1
[RUN] hyb_p04_insects_to_non_insect_invertebrates_E16_K8_F4_s1
[OK] hyb_p04_insects_to_non_insect_invertebrates_E16_K8_F4_s1
[RUN] hyb_p04_insects_to_non_insect_invertebrates_E16_K8_F6_s1
[OK] hyb_p04_insects_to_non_insect_invertebrates_E16_K8_F6_s1
[RUN] hyb_p04_insects_to_non_insect_invertebrates_E32_K4_F1_s1
[OK] hyb_p04_insects_to_non_insect_invertebrates_E32_K4_F1_s1
[RUN] hyb_p04_insects_to_non_insect_invertebrates_E32_K4_F2_s1
[OK] hyb_p04_insects_to_non_insect_invertebrates_E32_K4_F2_s1
[RUN] hyb_p04_insects_to_non_insect_invertebrates_E32_K4_F3_s1
[OK] hyb_p04_insects_to_non_insect_invertebrates_E32_K4_F3_s1
[RUN] hyb_p04_insects_to_non_insect_invertebrates_E32_K6_F1_s1
[OK] hyb_p04_insects_to_non_insect_invertebrates_E32_K6_F1_s1
[RUN] hyb_p04_insects_to_non_insect_invertebrates_E32_K6_F2_s1
[OK] hyb_p04_insects_to_non_insect_invertebrates_E32_K6_F2_s1
[RUN] hyb_p04_insects_to_non_insect_invertebrates_E32_K6_F4_s1
[OK] hyb_p04_insects_to_non_insect_invertebrates_E32_K6_F4_s1
[RUN] hyb_p04_insects_to_non_insect_invertebrates_E32_K8_F1_s1
[OK] hyb_p04_insects_to_non_insect_invertebrates_E32_K8_F1_s1
[RUN] hyb_p04_insects_to_non_insect_invertebrates_E32_K8_F2_s1
[OK] hyb_p04_insects_to_non_insect_invertebrates_E32_K8_F2_s1
[RUN] hyb_p04_insects_to_non_insect_invertebrates_E32_K8_F4_s1
[OK] hyb_p04_insects_to_non_insect_invertebrates_E32_K8_F4_s1
[RUN] hyb_p04_insects_to_non_insect_invertebrates_E32_K8_F6_s1
[OK] hyb_p04_insects_to_non_insect_invertebrates_E32_K8_F6_s1
[RUN] hyb_p04_insects_to_non_insect_invertebrates_E8_K4_F1_s1
[OK] hyb_p04_insects_to_non_insect_invertebrates_E8_K4_F1_s1
[RUN] hyb_p04_insects_to_non_insect_invertebrates_E8_K4_F2_s1
[OK] hyb_p04_insects_to_non_insect_invertebrates_E8_K4_F2_s1
[RUN] hyb_p04_insects_to_non_insect_invertebrates_E8_K4_F3_s1
[OK] hyb_p04_insects_to_non_insect_invertebrates_E8_K4_F3_s1
[RUN] hyb_p04_non_insect_invertebrates_to_insects_E16_K4_F1_s1
[OK] hyb_p04_non_insect_invertebrates_to_insects_E16_K4_F1_s1
[RUN] hyb_p04_non_insect_invertebrates_to_insects_E16_K4_F2_s1
[OK] hyb_p04_non_insect_invertebrates_to_insects_E16_K4_F2_s1
[RUN] hyb_p04_non_insect_invertebrates_to_insects_E16_K4_F3_s1
[OK] hyb_p04_non_insect_invertebrates_to_insects_E16_K4_F3_s1
[RUN] hyb_p04_non_insect_invertebrates_to_insects_E16_K6_F1_s1
[OK] hyb_p04_non_insect_invertebrates_to_insects_E16_K6_F1_s1
[RUN] hyb_p04_non_insect_invertebrates_to_insects_E16_K6_F2_s1
[OK] hyb_p04_non_insect_invertebrates_to_insects_E16_K6_F2_s1
[RUN] hyb_p04_non_insect_invertebrates_to_insects_E16_K6_F4_s1
[OK] hyb_p04_non_insect_invertebrates_to_insects_E16_K6_F4_s1
[RUN] hyb_p04_non_insect_invertebrates_to_insects_E16_K8_F1_s1
[OK] hyb_p04_non_insect_invertebrates_to_insects_E16_K8_F1_s1
[RUN] hyb_p04_non_insect_invertebrates_to_insects_E16_K8_F2_s1
[OK] hyb_p04_non_insect_invertebrates_to_insects_E16_K8_F2_s1
[RUN] hyb_p04_non_insect_invertebrates_to_insects_E16_K8_F4_s1
[OK] hyb_p04_non_insect_invertebrates_to_insects_E16_K8_F4_s1
[RUN] hyb_p04_non_insect_invertebrates_to_insects_E16_K8_F6_s1
[OK] hyb_p04_non_insect_invertebrates_to_insects_E16_K8_F6_s1
[RUN] hyb_p04_non_insect_invertebrates_to_insects_E32_K4_F1_s1
[OK] hyb_p04_non_insect_invertebrates_to_insects_E32_K4_F1_s1
[RUN] hyb_p04_non_insect_invertebrates_to_insects_E32_K4_F2_s1
[OK] hyb_p04_non_insect_invertebrates_to_insects_E32_K4_F2_s1
[RUN] hyb_p04_non_insect_invertebrates_to_insects_E32_K4_F3_s1
[OK] hyb_p04_non_insect_invertebrates_to_insects_E32_K4_F3_s1
[RUN] hyb_p04_non_insect_invertebrates_to_insects_E32_K6_F1_s1
[OK] hyb_p04_non_insect_invertebrates_to_insects_E32_K6_F1_s1
[RUN] hyb_p04_non_insect_invertebrates_to_insects_E32_K6_F2_s1
[OK] hyb_p04_non_insect_invertebrates_to_insects_E32_K6_F2_s1
[RUN] hyb_p04_non_insect_invertebrates_to_insects_E32_K6_F4_s1
[OK] hyb_p04_non_insect_invertebrates_to_insects_E32_K6_F4_s1
[RUN] hyb_p04_non_insect_invertebrates_to_insects_E32_K8_F1_s1
[OK] hyb_p04_non_insect_invertebrates_to_insects_E32_K8_F1_s1
[RUN] hyb_p04_non_insect_invertebrates_to_insects_E32_K8_F2_s1
[OK] hyb_p04_non_insect_invertebrates_to_insects_E32_K8_F2_s1
[RUN] hyb_p04_non_insect_invertebrates_to_insects_E32_K8_F4_s1
[OK] hyb_p04_non_insect_invertebrates_to_insects_E32_K8_F4_s1
[RUN] hyb_p04_non_insect_invertebrates_to_insects_E32_K8_F6_s1
[OK] hyb_p04_non_insect_invertebrates_to_insects_E32_K8_F6_s1
[RUN] hyb_p04_non_insect_invertebrates_to_insects_E8_K4_F1_s1
[OK] hyb_p04_non_insect_invertebrates_to_insects_E8_K4_F1_s1
[RUN] hyb_p04_non_insect_invertebrates_to_insects_E8_K4_F2_s1
[OK] hyb_p04_non_insect_invertebrates_to_insects_E8_K4_F2_s1
[RUN] hyb_p04_non_insect_invertebrates_to_insects_E8_K4_F3_s1
[OK] hyb_p04_non_insect_invertebrates_to_insects_E8_K4_F3_s1
[RUN] hyb_p05_medium_sized_mammals_to_small_mammals_E16_K4_F1_s1
[OK] hyb_p05_medium_sized_mammals_to_small_mammals_E16_K4_F1_s1
[RUN] hyb_p05_medium_sized_mammals_to_small_mammals_E16_K4_F2_s1
[OK] hyb_p05_medium_sized_mammals_to_small_mammals_E16_K4_F2_s1
[RUN] hyb_p05_medium_sized_mammals_to_small_mammals_E16_K4_F3_s1
[OK] hyb_p05_medium_sized_mammals_to_small_mammals_E16_K4_F3_s1
[RUN] hyb_p05_medium_sized_mammals_to_small_mammals_E16_K6_F1_s1
[OK] hyb_p05_medium_sized_mammals_to_small_mammals_E16_K6_F1_s1
[RUN] hyb_p05_medium_sized_mammals_to_small_mammals_E16_K6_F2_s1
[OK] hyb_p05_medium_sized_mammals_to_small_mammals_E16_K6_F2_s1
[RUN] hyb_p05_medium_sized_mammals_to_small_mammals_E16_K6_F4_s1
[OK] hyb_p05_medium_sized_mammals_to_small_mammals_E16_K6_F4_s1
[RUN] hyb_p05_medium_sized_mammals_to_small_mammals_E16_K8_F1_s1
[OK] hyb_p05_medium_sized_mammals_to_small_mammals_E16_K8_F1_s1
[RUN] hyb_p05_medium_sized_mammals_to_small_mammals_E16_K8_F2_s1
[OK] hyb_p05_medium_sized_mammals_to_small_mammals_E16_K8_F2_s1
[RUN] hyb_p05_medium_sized_mammals_to_small_mammals_E16_K8_F4_s1
[OK] hyb_p05_medium_sized_mammals_to_small_mammals_E16_K8_F4_s1
[RUN] hyb_p05_medium_sized_mammals_to_small_mammals_E16_K8_F6_s1
[OK] hyb_p05_medium_sized_mammals_to_small_mammals_E16_K8_F6_s1
[RUN] hyb_p05_medium_sized_mammals_to_small_mammals_E32_K4_F1_s1
[OK] hyb_p05_medium_sized_mammals_to_small_mammals_E32_K4_F1_s1
[RUN] hyb_p05_medium_sized_mammals_to_small_mammals_E32_K4_F2_s1
[OK] hyb_p05_medium_sized_mammals_to_small_mammals_E32_K4_F2_s1
[RUN] hyb_p05_medium_sized_mammals_to_small_mammals_E32_K4_F3_s1
[OK] hyb_p05_medium_sized_mammals_to_small_mammals_E32_K4_F3_s1
[RUN] hyb_p05_medium_sized_mammals_to_small_mammals_E32_K6_F1_s1
[OK] hyb_p05_medium_sized_mammals_to_small_mammals_E32_K6_F1_s1
[RUN] hyb_p05_medium_sized_mammals_to_small_mammals_E32_K6_F2_s1
[OK] hyb_p05_medium_sized_mammals_to_small_mammals_E32_K6_F2_s1
[RUN] hyb_p05_medium_sized_mammals_to_small_mammals_E32_K6_F4_s1
[OK] hyb_p05_medium_sized_mammals_to_small_mammals_E32_K6_F4_s1
[RUN] hyb_p05_medium_sized_mammals_to_small_mammals_E32_K8_F1_s1
[OK] hyb_p05_medium_sized_mammals_to_small_mammals_E32_K8_F1_s1
[RUN] hyb_p05_medium_sized_mammals_to_small_mammals_E32_K8_F2_s1
[OK] hyb_p05_medium_sized_mammals_to_small_mammals_E32_K8_F2_s1
[RUN] hyb_p05_medium_sized_mammals_to_small_mammals_E32_K8_F4_s1
[OK] hyb_p05_medium_sized_mammals_to_small_mammals_E32_K8_F4_s1
[RUN] hyb_p05_medium_sized_mammals_to_small_mammals_E32_K8_F6_s1
[OK] hyb_p05_medium_sized_mammals_to_small_mammals_E32_K8_F6_s1
[RUN] hyb_p05_medium_sized_mammals_to_small_mammals_E8_K4_F1_s1
[OK] hyb_p05_medium_sized_mammals_to_small_mammals_E8_K4_F1_s1
[RUN] hyb_p05_medium_sized_mammals_to_small_mammals_E8_K4_F2_s1
[OK] hyb_p05_medium_sized_mammals_to_small_mammals_E8_K4_F2_s1
[RUN] hyb_p05_medium_sized_mammals_to_small_mammals_E8_K4_F3_s1
[OK] hyb_p05_medium_sized_mammals_to_small_mammals_E8_K4_F3_s1
[RUN] hyb_p05_small_mammals_to_medium_sized_mammals_E16_K4_F1_s1
[OK] hyb_p05_small_mammals_to_medium_sized_mammals_E16_K4_F1_s1
[RUN] hyb_p05_small_mammals_to_medium_sized_mammals_E16_K4_F2_s1
[OK] hyb_p05_small_mammals_to_medium_sized_mammals_E16_K4_F2_s1
[RUN] hyb_p05_small_mammals_to_medium_sized_mammals_E16_K4_F3_s1
[OK] hyb_p05_small_mammals_to_medium_sized_mammals_E16_K4_F3_s1
[RUN] hyb_p05_small_mammals_to_medium_sized_mammals_E16_K6_F1_s1
[OK] hyb_p05_small_mammals_to_medium_sized_mammals_E16_K6_F1_s1
[RUN] hyb_p05_small_mammals_to_medium_sized_mammals_E16_K6_F2_s1
[OK] hyb_p05_small_mammals_to_medium_sized_mammals_E16_K6_F2_s1
[RUN] hyb_p05_small_mammals_to_medium_sized_mammals_E16_K6_F4_s1
[OK] hyb_p05_small_mammals_to_medium_sized_mammals_E16_K6_F4_s1
[RUN] hyb_p05_small_mammals_to_medium_sized_mammals_E16_K8_F1_s1
[OK] hyb_p05_small_mammals_to_medium_sized_mammals_E16_K8_F1_s1
[RUN] hyb_p05_small_mammals_to_medium_sized_mammals_E16_K8_F2_s1
[OK] hyb_p05_small_mammals_to_medium_sized_mammals_E16_K8_F2_s1
[RUN] hyb_p05_small_mammals_to_medium_sized_mammals_E16_K8_F4_s1
[OK] hyb_p05_small_mammals_to_medium_sized_mammals_E16_K8_F4_s1
[RUN] hyb_p05_small_mammals_to_medium_sized_mammals_E16_K8_F6_s1
[OK] hyb_p05_small_mammals_to_medium_sized_mammals_E16_K8_F6_s1
[RUN] hyb_p05_small_mammals_to_medium_sized_mammals_E32_K4_F1_s1
[OK] hyb_p05_small_mammals_to_medium_sized_mammals_E32_K4_F1_s1
[RUN] hyb_p05_small_mammals_to_medium_sized_mammals_E32_K4_F2_s1
[OK] hyb_p05_small_mammals_to_medium_sized_mammals_E32_K4_F2_s1
[RUN] hyb_p05_small_mammals_to_medium_sized_mammals_E32_K4_F3_s1
[OK] hyb_p05_small_mammals_to_medium_sized_mammals_E32_K4_F3_s1
[RUN] hyb_p05_small_mammals_to_medium_sized_mammals_E32_K6_F1_s1
[OK] hyb_p05_small_mammals_to_medium_sized_mammals_E32_K6_F1_s1
[RUN] hyb_p05_small_mammals_to_medium_sized_mammals_E32_K6_F2_s1
[OK] hyb_p05_small_mammals_to_medium_sized_mammals_E32_K6_F2_s1
[RUN] hyb_p05_small_mammals_to_medium_sized_mammals_E32_K6_F4_s1
[OK] hyb_p05_small_mammals_to_medium_sized_mammals_E32_K6_F4_s1
[RUN] hyb_p05_small_mammals_to_medium_sized_mammals_E32_K8_F1_s1
[OK] hyb_p05_small_mammals_to_medium_sized_mammals_E32_K8_F1_s1
[RUN] hyb_p05_small_mammals_to_medium_sized_mammals_E32_K8_F2_s1
[OK] hyb_p05_small_mammals_to_medium_sized_mammals_E32_K8_F2_s1
[RUN] hyb_p05_small_mammals_to_medium_sized_mammals_E32_K8_F4_s1
[OK] hyb_p05_small_mammals_to_medium_sized_mammals_E32_K8_F4_s1
[RUN] hyb_p05_small_mammals_to_medium_sized_mammals_E32_K8_F6_s1
[OK] hyb_p05_small_mammals_to_medium_sized_mammals_E32_K8_F6_s1
[RUN] hyb_p05_small_mammals_to_medium_sized_mammals_E8_K4_F1_s1
[OK] hyb_p05_small_mammals_to_medium_sized_mammals_E8_K4_F1_s1
[RUN] hyb_p05_small_mammals_to_medium_sized_mammals_E8_K4_F2_s1
[OK] hyb_p05_small_mammals_to_medium_sized_mammals_E8_K4_F2_s1
[RUN] hyb_p05_small_mammals_to_medium_sized_mammals_E8_K4_F3_s1
[OK] hyb_p05_small_mammals_to_medium_sized_mammals_E8_K4_F3_s1
[RUN] hyb_p06_large_carnivores_to_large_omnivores_herbivores_E16_K4_F1_s1
[OK] hyb_p06_large_carnivores_to_large_omnivores_herbivores_E16_K4_F1_s1
[RUN] hyb_p06_large_carnivores_to_large_omnivores_herbivores_E16_K4_F2_s1
[OK] hyb_p06_large_carnivores_to_large_omnivores_herbivores_E16_K4_F2_s1
[RUN] hyb_p06_large_carnivores_to_large_omnivores_herbivores_E16_K4_F3_s1
[OK] hyb_p06_large_carnivores_to_large_omnivores_herbivores_E16_K4_F3_s1
[RUN] hyb_p06_large_carnivores_to_large_omnivores_herbivores_E16_K6_F1_s1
[OK] hyb_p06_large_carnivores_to_large_omnivores_herbivores_E16_K6_F1_s1
[RUN] hyb_p06_large_carnivores_to_large_omnivores_herbivores_E16_K6_F2_s1
[OK] hyb_p06_large_carnivores_to_large_omnivores_herbivores_E16_K6_F2_s1
[RUN] hyb_p06_large_carnivores_to_large_omnivores_herbivores_E16_K6_F4_s1
[OK] hyb_p06_large_carnivores_to_large_omnivores_herbivores_E16_K6_F4_s1
[RUN] hyb_p06_large_carnivores_to_large_omnivores_herbivores_E16_K8_F1_s1
[OK] hyb_p06_large_carnivores_to_large_omnivores_herbivores_E16_K8_F1_s1
[RUN] hyb_p06_large_carnivores_to_large_omnivores_herbivores_E16_K8_F2_s1
[OK] hyb_p06_large_carnivores_to_large_omnivores_herbivores_E16_K8_F2_s1
[RUN] hyb_p06_large_carnivores_to_large_omnivores_herbivores_E16_K8_F4_s1
[OK] hyb_p06_large_carnivores_to_large_omnivores_herbivores_E16_K8_F4_s1
[RUN] hyb_p06_large_carnivores_to_large_omnivores_herbivores_E16_K8_F6_s1
[OK] hyb_p06_large_carnivores_to_large_omnivores_herbivores_E16_K8_F6_s1
[RUN] hyb_p06_large_carnivores_to_large_omnivores_herbivores_E32_K4_F1_s1
[OK] hyb_p06_large_carnivores_to_large_omnivores_herbivores_E32_K4_F1_s1
[RUN] hyb_p06_large_carnivores_to_large_omnivores_herbivores_E32_K4_F2_s1
[OK] hyb_p06_large_carnivores_to_large_omnivores_herbivores_E32_K4_F2_s1
[RUN] hyb_p06_large_carnivores_to_large_omnivores_herbivores_E32_K4_F3_s1
[OK] hyb_p06_large_carnivores_to_large_omnivores_herbivores_E32_K4_F3_s1
[RUN] hyb_p06_large_carnivores_to_large_omnivores_herbivores_E32_K6_F1_s1
[OK] hyb_p06_large_carnivores_to_large_omnivores_herbivores_E32_K6_F1_s1
[RUN] hyb_p06_large_carnivores_to_large_omnivores_herbivores_E32_K6_F2_s1
[OK] hyb_p06_large_carnivores_to_large_omnivores_herbivores_E32_K6_F2_s1
[RUN] hyb_p06_large_carnivores_to_large_omnivores_herbivores_E32_K6_F4_s1
[OK] hyb_p06_large_carnivores_to_large_omnivores_herbivores_E32_K6_F4_s1
[RUN] hyb_p06_large_carnivores_to_large_omnivores_herbivores_E32_K8_F1_s1
[OK] hyb_p06_large_carnivores_to_large_omnivores_herbivores_E32_K8_F1_s1
[RUN] hyb_p06_large_carnivores_to_large_omnivores_herbivores_E32_K8_F2_s1
[OK] hyb_p06_large_carnivores_to_large_omnivores_herbivores_E32_K8_F2_s1
[RUN] hyb_p06_large_carnivores_to_large_omnivores_herbivores_E32_K8_F4_s1
[OK] hyb_p06_large_carnivores_to_large_omnivores_herbivores_E32_K8_F4_s1
[RUN] hyb_p06_large_carnivores_to_large_omnivores_herbivores_E32_K8_F6_s1
[OK] hyb_p06_large_carnivores_to_large_omnivores_herbivores_E32_K8_F6_s1
[RUN] hyb_p06_large_carnivores_to_large_omnivores_herbivores_E8_K4_F1_s1
[OK] hyb_p06_large_carnivores_to_large_omnivores_herbivores_E8_K4_F1_s1
[RUN] hyb_p06_large_carnivores_to_large_omnivores_herbivores_E8_K4_F2_s1
[OK] hyb_p06_large_carnivores_to_large_omnivores_herbivores_E8_K4_F2_s1
[RUN] hyb_p06_large_carnivores_to_large_omnivores_herbivores_E8_K4_F3_s1
[OK] hyb_p06_large_carnivores_to_large_omnivores_herbivores_E8_K4_F3_s1
[RUN] hyb_p06_large_omnivores_herbivores_to_large_carnivores_E16_K4_F1_s1
[OK] hyb_p06_large_omnivores_herbivores_to_large_carnivores_E16_K4_F1_s1
[RUN] hyb_p06_large_omnivores_herbivores_to_large_carnivores_E16_K4_F2_s1
[OK] hyb_p06_large_omnivores_herbivores_to_large_carnivores_E16_K4_F2_s1
[RUN] hyb_p06_large_omnivores_herbivores_to_large_carnivores_E16_K4_F3_s1
[OK] hyb_p06_large_omnivores_herbivores_to_large_carnivores_E16_K4_F3_s1
[RUN] hyb_p06_large_omnivores_herbivores_to_large_carnivores_E16_K6_F1_s1
[OK] hyb_p06_large_omnivores_herbivores_to_large_carnivores_E16_K6_F1_s1
[RUN] hyb_p06_large_omnivores_herbivores_to_large_carnivores_E16_K6_F2_s1
[OK] hyb_p06_large_omnivores_herbivores_to_large_carnivores_E16_K6_F2_s1
[RUN] hyb_p06_large_omnivores_herbivores_to_large_carnivores_E16_K6_F4_s1
[OK] hyb_p06_large_omnivores_herbivores_to_large_carnivores_E16_K6_F4_s1
[RUN] hyb_p06_large_omnivores_herbivores_to_large_carnivores_E16_K8_F1_s1
[OK] hyb_p06_large_omnivores_herbivores_to_large_carnivores_E16_K8_F1_s1
[RUN] hyb_p06_large_omnivores_herbivores_to_large_carnivores_E16_K8_F2_s1
[OK] hyb_p06_large_omnivores_herbivores_to_large_carnivores_E16_K8_F2_s1
[RUN] hyb_p06_large_omnivores_herbivores_to_large_carnivores_E16_K8_F4_s1
[OK] hyb_p06_large_omnivores_herbivores_to_large_carnivores_E16_K8_F4_s1
[RUN] hyb_p06_large_omnivores_herbivores_to_large_carnivores_E16_K8_F6_s1
[OK] hyb_p06_large_omnivores_herbivores_to_large_carnivores_E16_K8_F6_s1
[RUN] hyb_p06_large_omnivores_herbivores_to_large_carnivores_E32_K4_F1_s1
[OK] hyb_p06_large_omnivores_herbivores_to_large_carnivores_E32_K4_F1_s1
[RUN] hyb_p06_large_omnivores_herbivores_to_large_carnivores_E32_K4_F2_s1
[OK] hyb_p06_large_omnivores_herbivores_to_large_carnivores_E32_K4_F2_s1
[RUN] hyb_p06_large_omnivores_herbivores_to_large_carnivores_E32_K4_F3_s1
[OK] hyb_p06_large_omnivores_herbivores_to_large_carnivores_E32_K4_F3_s1
[RUN] hyb_p06_large_omnivores_herbivores_to_large_carnivores_E32_K6_F1_s1
[OK] hyb_p06_large_omnivores_herbivores_to_large_carnivores_E32_K6_F1_s1
[RUN] hyb_p06_large_omnivores_herbivores_to_large_carnivores_E32_K6_F2_s1
[OK] hyb_p06_large_omnivores_herbivores_to_large_carnivores_E32_K6_F2_s1
[RUN] hyb_p06_large_omnivores_herbivores_to_large_carnivores_E32_K6_F4_s1
[OK] hyb_p06_large_omnivores_herbivores_to_large_carnivores_E32_K6_F4_s1
[RUN] hyb_p06_large_omnivores_herbivores_to_large_carnivores_E32_K8_F1_s1
[OK] hyb_p06_large_omnivores_herbivores_to_large_carnivores_E32_K8_F1_s1
[RUN] hyb_p06_large_omnivores_herbivores_to_large_carnivores_E32_K8_F2_s1
[OK] hyb_p06_large_omnivores_herbivores_to_large_carnivores_E32_K8_F2_s1
[RUN] hyb_p06_large_omnivores_herbivores_to_large_carnivores_E32_K8_F4_s1
[OK] hyb_p06_large_omnivores_herbivores_to_large_carnivores_E32_K8_F4_s1
[RUN] hyb_p06_large_omnivores_herbivores_to_large_carnivores_E32_K8_F6_s1
[OK] hyb_p06_large_omnivores_herbivores_to_large_carnivores_E32_K8_F6_s1
[RUN] hyb_p06_large_omnivores_herbivores_to_large_carnivores_E8_K4_F1_s1
[OK] hyb_p06_large_omnivores_herbivores_to_large_carnivores_E8_K4_F1_s1
[RUN] hyb_p06_large_omnivores_herbivores_to_large_carnivores_E8_K4_F2_s1
[OK] hyb_p06_large_omnivores_herbivores_to_large_carnivores_E8_K4_F2_s1
[RUN] hyb_p06_large_omnivores_herbivores_to_large_carnivores_E8_K4_F3_s1
[OK] hyb_p06_large_omnivores_herbivores_to_large_carnivores_E8_K4_F3_s1
stage complete | ran=359 | skipped=1 | failures=0
[2026-04-04 13:06:56] [ANALYSIS] aggregate + tables + plots
saved: results/summaries/run_summary.csv
saved: results/summaries/agg_summary.csv
saved: results/summaries/pairwise_delta_vs_dynamic.csv
saved: results/summaries/best_F_per_pair.csv
saved: results/summaries/best_fixed_ratio_per_pair.csv
saved: results/summaries/expert_usage.jsonl
saved: results/analysis/tables/win_rate_over_dynamic.csv
saved: results/analysis/tables/trend_summary_by_EK.csv
saved: results/analysis/tables/directional_pair_summary.csv
saved: results/analysis/tables/best_F_distribution.csv
saved plots under: results/analysis/plots
[2026-04-04 13:07:20] full pipeline finished
